GitGuardian scan	Set up job	﻿2026-06-08T22:52:55.9065930Z Current runner version: '2.334.0'
GitGuardian scan	Set up job	2026-06-08T22:52:55.9093519Z ##[group]Runner Image Provisioner
GitGuardian scan	Set up job	2026-06-08T22:52:55.9094535Z Hosted Compute Agent
GitGuardian scan	Set up job	2026-06-08T22:52:55.9095273Z Version: 20260520.533
GitGuardian scan	Set up job	2026-06-08T22:52:55.9095958Z Commit: 189110e25284a9812c124fd27b339e2fb4f2f9db
GitGuardian scan	Set up job	2026-06-08T22:52:55.9096799Z Build Date: 2026-05-20T17:44:04Z
GitGuardian scan	Set up job	2026-06-08T22:52:55.9097533Z Worker ID: {15b8c621-8242-45fa-9df4-a80eecf935dc}
GitGuardian scan	Set up job	2026-06-08T22:52:55.9098666Z Azure Region: eastus
GitGuardian scan	Set up job	2026-06-08T22:52:55.9099334Z ##[endgroup]
GitGuardian scan	Set up job	2026-06-08T22:52:55.9100730Z ##[group]Operating System
GitGuardian scan	Set up job	2026-06-08T22:52:55.9101509Z Ubuntu
GitGuardian scan	Set up job	2026-06-08T22:52:55.9102066Z 24.04.4
GitGuardian scan	Set up job	2026-06-08T22:52:55.9102674Z LTS
GitGuardian scan	Set up job	2026-06-08T22:52:55.9103277Z ##[endgroup]
GitGuardian scan	Set up job	2026-06-08T22:52:55.9103868Z ##[group]Runner Image
GitGuardian scan	Set up job	2026-06-08T22:52:55.9104544Z Image: ubuntu-24.04
GitGuardian scan	Set up job	2026-06-08T22:52:55.9105143Z Version: 20260525.161.1
GitGuardian scan	Set up job	2026-06-08T22:52:55.9106229Z Included Software: https://github.com/actions/runner-images/blob/ubuntu24/20260525.161/images/ubuntu/Ubuntu2404-Readme.md
GitGuardian scan	Set up job	2026-06-08T22:52:55.9108424Z Image Release: https://github.com/actions/runner-images/releases/tag/ubuntu24%2F20260525.161
GitGuardian scan	Set up job	2026-06-08T22:52:55.9109473Z ##[endgroup]
GitGuardian scan	Set up job	2026-06-08T22:52:55.9110740Z ##[group]GITHUB_TOKEN Permissions
GitGuardian scan	Set up job	2026-06-08T22:52:55.9113483Z Contents: read
GitGuardian scan	Set up job	2026-06-08T22:52:55.9114148Z Metadata: read
GitGuardian scan	Set up job	2026-06-08T22:52:55.9114808Z Packages: read
GitGuardian scan	Set up job	2026-06-08T22:52:55.9115414Z ##[endgroup]
GitGuardian scan	Set up job	2026-06-08T22:52:55.9117499Z Secret source: Actions
GitGuardian scan	Set up job	2026-06-08T22:52:55.9118935Z Prepare workflow directory
GitGuardian scan	Set up job	2026-06-08T22:52:55.9443996Z Prepare all required actions
GitGuardian scan	Set up job	2026-06-08T22:52:55.9481539Z Getting action download info
GitGuardian scan	Set up job	2026-06-08T22:52:56.3318862Z Download action repository 'actions/checkout@v3' (SHA:f43a0e5ff2bd294095638e18286ca9a3d1956744)
GitGuardian scan	Set up job	2026-06-08T22:52:56.7528876Z Download action repository 'GitGuardian/ggshield@v1.51.0' (SHA:0314bfd58b75042fd42bc3418edb3e37f6179853)
GitGuardian scan	Set up job	2026-06-08T22:52:57.0437574Z Complete job name: GitGuardian scan
GitGuardian scan	Pull gitguardian/ggshield:v1.51.0	﻿2026-06-08T22:52:57.0897412Z ##[group]Pull down action image 'gitguardian/ggshield:v1.51.0'
GitGuardian scan	Pull gitguardian/ggshield:v1.51.0	2026-06-08T22:52:57.0939944Z ##[command]/usr/bin/docker pull gitguardian/ggshield:v1.51.0
GitGuardian scan	Pull gitguardian/ggshield:v1.51.0	2026-06-08T22:52:57.4413467Z v1.51.0: Pulling from gitguardian/ggshield
GitGuardian scan	Pull gitguardian/ggshield:v1.51.0	2026-06-08T22:52:57.5964548Z 5b4d6ff92fc4: Pulling fs layer
GitGuardian scan	Pull gitguardian/ggshield:v1.51.0	2026-06-08T22:52:57.5966708Z 0fdfb1c097c8: Pulling fs layer
GitGuardian scan	Pull gitguardian/ggshield:v1.51.0	2026-06-08T22:52:57.5968381Z c3bb71abc6be: Pulling fs layer
GitGuardian scan	Pull gitguardian/ggshield:v1.51.0	2026-06-08T22:52:57.5969834Z 2778ca3b3b56: Pulling fs layer
GitGuardian scan	Pull gitguardian/ggshield:v1.51.0	2026-06-08T22:52:57.5971520Z 689d5120a393: Pulling fs layer
GitGuardian scan	Pull gitguardian/ggshield:v1.51.0	2026-06-08T22:52:57.5972774Z 42ac4c09fc98: Pulling fs layer
GitGuardian scan	Pull gitguardian/ggshield:v1.51.0	2026-06-08T22:52:57.5973963Z 5c8bf7082bde: Pulling fs layer
GitGuardian scan	Pull gitguardian/ggshield:v1.51.0	2026-06-08T22:52:57.5975105Z 9d9871ccf13c: Pulling fs layer
GitGuardian scan	Pull gitguardian/ggshield:v1.51.0	2026-06-08T22:52:57.5976706Z 5eb202e92c17: Pulling fs layer
GitGuardian scan	Pull gitguardian/ggshield:v1.51.0	2026-06-08T22:52:57.5978175Z 42ac4c09fc98: Waiting
GitGuardian scan	Pull gitguardian/ggshield:v1.51.0	2026-06-08T22:52:57.5979072Z 5c8bf7082bde: Waiting
GitGuardian scan	Pull gitguardian/ggshield:v1.51.0	2026-06-08T22:52:57.5979907Z 9d9871ccf13c: Waiting
GitGuardian scan	Pull gitguardian/ggshield:v1.51.0	2026-06-08T22:52:57.5980745Z 2778ca3b3b56: Waiting
GitGuardian scan	Pull gitguardian/ggshield:v1.51.0	2026-06-08T22:52:57.5981558Z 689d5120a393: Waiting
GitGuardian scan	Pull gitguardian/ggshield:v1.51.0	2026-06-08T22:52:57.5982541Z 5eb202e92c17: Waiting
GitGuardian scan	Pull gitguardian/ggshield:v1.51.0	2026-06-08T22:52:57.6503112Z 0fdfb1c097c8: Verifying Checksum
GitGuardian scan	Pull gitguardian/ggshield:v1.51.0	2026-06-08T22:52:57.6505118Z 0fdfb1c097c8: Download complete
GitGuardian scan	Pull gitguardian/ggshield:v1.51.0	2026-06-08T22:52:57.6835799Z c3bb71abc6be: Verifying Checksum
GitGuardian scan	Pull gitguardian/ggshield:v1.51.0	2026-06-08T22:52:57.6838604Z c3bb71abc6be: Download complete
GitGuardian scan	Pull gitguardian/ggshield:v1.51.0	2026-06-08T22:52:57.6841018Z 2778ca3b3b56: Verifying Checksum
GitGuardian scan	Pull gitguardian/ggshield:v1.51.0	2026-06-08T22:52:57.6842964Z 2778ca3b3b56: Download complete
GitGuardian scan	Pull gitguardian/ggshield:v1.51.0	2026-06-08T22:52:57.7210482Z 689d5120a393: Verifying Checksum
GitGuardian scan	Pull gitguardian/ggshield:v1.51.0	2026-06-08T22:52:57.7212745Z 689d5120a393: Download complete
GitGuardian scan	Pull gitguardian/ggshield:v1.51.0	2026-06-08T22:52:57.7238767Z 5b4d6ff92fc4: Verifying Checksum
GitGuardian scan	Pull gitguardian/ggshield:v1.51.0	2026-06-08T22:52:57.7240686Z 5b4d6ff92fc4: Download complete
GitGuardian scan	Pull gitguardian/ggshield:v1.51.0	2026-06-08T22:52:57.7640502Z 5c8bf7082bde: Verifying Checksum
GitGuardian scan	Pull gitguardian/ggshield:v1.51.0	2026-06-08T22:52:57.7642907Z 5c8bf7082bde: Download complete
GitGuardian scan	Pull gitguardian/ggshield:v1.51.0	2026-06-08T22:52:57.7972304Z 5eb202e92c17: Verifying Checksum
GitGuardian scan	Pull gitguardian/ggshield:v1.51.0	2026-06-08T22:52:57.7974540Z 5eb202e92c17: Download complete
GitGuardian scan	Pull gitguardian/ggshield:v1.51.0	2026-06-08T22:52:57.8789302Z 42ac4c09fc98: Verifying Checksum
GitGuardian scan	Pull gitguardian/ggshield:v1.51.0	2026-06-08T22:52:57.8797174Z 42ac4c09fc98: Download complete
GitGuardian scan	Pull gitguardian/ggshield:v1.51.0	2026-06-08T22:52:57.9150052Z 9d9871ccf13c: Verifying Checksum
GitGuardian scan	Pull gitguardian/ggshield:v1.51.0	2026-06-08T22:52:57.9153095Z 9d9871ccf13c: Download complete
GitGuardian scan	Pull gitguardian/ggshield:v1.51.0	2026-06-08T22:52:58.7916844Z 5b4d6ff92fc4: Pull complete
GitGuardian scan	Pull gitguardian/ggshield:v1.51.0	2026-06-08T22:53:00.2060198Z 0fdfb1c097c8: Pull complete
GitGuardian scan	Pull gitguardian/ggshield:v1.51.0	2026-06-08T22:53:00.9284634Z c3bb71abc6be: Pull complete
GitGuardian scan	Pull gitguardian/ggshield:v1.51.0	2026-06-08T22:53:00.9431444Z 2778ca3b3b56: Pull complete
GitGuardian scan	Pull gitguardian/ggshield:v1.51.0	2026-06-08T22:53:00.9511284Z 689d5120a393: Pull complete
GitGuardian scan	Pull gitguardian/ggshield:v1.51.0	2026-06-08T22:53:02.0588310Z 42ac4c09fc98: Pull complete
GitGuardian scan	Pull gitguardian/ggshield:v1.51.0	2026-06-08T22:53:02.2138817Z 5c8bf7082bde: Pull complete
GitGuardian scan	Pull gitguardian/ggshield:v1.51.0	2026-06-08T22:53:03.6111033Z 9d9871ccf13c: Pull complete
GitGuardian scan	Pull gitguardian/ggshield:v1.51.0	2026-06-08T22:53:03.6218242Z 5eb202e92c17: Pull complete
GitGuardian scan	Pull gitguardian/ggshield:v1.51.0	2026-06-08T22:53:03.6253134Z Digest: sha256:feeb08c2be66515cc1a1b4a54c9d27777f6b21993aaef30d3af4a064902725fe
GitGuardian scan	Pull gitguardian/ggshield:v1.51.0	2026-06-08T22:53:03.6266349Z Status: Downloaded newer image for gitguardian/ggshield:v1.51.0
GitGuardian scan	Pull gitguardian/ggshield:v1.51.0	2026-06-08T22:53:03.6274344Z docker.io/gitguardian/ggshield:v1.51.0
GitGuardian scan	Pull gitguardian/ggshield:v1.51.0	2026-06-08T22:53:03.6295209Z ##[endgroup]
GitGuardian scan	Checkout	﻿2026-06-08T22:53:03.6578946Z ##[group]Run actions/checkout@v3
GitGuardian scan	Checkout	2026-06-08T22:53:03.6579665Z with:
GitGuardian scan	Checkout	2026-06-08T22:53:03.6579935Z   fetch-depth: 0
GitGuardian scan	Checkout	2026-06-08T22:53:03.6580190Z   repository: thejaustin/ShizukuPlus
GitGuardian scan	Checkout	2026-06-08T22:53:03.6583410Z   token: ***
GitGuardian scan	Checkout	2026-06-08T22:53:03.6583651Z   ssh-strict: true
GitGuardian scan	Checkout	2026-06-08T22:53:03.6583907Z   persist-credentials: true
GitGuardian scan	Checkout	2026-06-08T22:53:03.6584162Z   clean: true
GitGuardian scan	Checkout	2026-06-08T22:53:03.6584394Z   sparse-checkout-cone-mode: true
GitGuardian scan	Checkout	2026-06-08T22:53:03.6584659Z   fetch-tags: false
GitGuardian scan	Checkout	2026-06-08T22:53:03.6584877Z   lfs: false
GitGuardian scan	Checkout	2026-06-08T22:53:03.6585092Z   submodules: false
GitGuardian scan	Checkout	2026-06-08T22:53:03.6585313Z   set-safe-directory: true
GitGuardian scan	Checkout	2026-06-08T22:53:03.6585724Z ##[endgroup]
GitGuardian scan	Checkout	2026-06-08T22:53:03.7475677Z Syncing repository: thejaustin/ShizukuPlus
GitGuardian scan	Checkout	2026-06-08T22:53:03.7477047Z ##[group]Getting Git version info
GitGuardian scan	Checkout	2026-06-08T22:53:03.7477486Z Working directory is '/home/runner/work/ShizukuPlus/ShizukuPlus'
GitGuardian scan	Checkout	2026-06-08T22:53:03.7478530Z [command]/usr/bin/git version
GitGuardian scan	Checkout	2026-06-08T22:53:03.7523933Z git version 2.54.0
GitGuardian scan	Checkout	2026-06-08T22:53:03.7549534Z ##[endgroup]
GitGuardian scan	Checkout	2026-06-08T22:53:03.7563798Z Temporarily overriding HOME='/home/runner/work/_temp/d4aafd07-36d4-4208-bd56-f8bbd4f78e72' before making global git config changes
GitGuardian scan	Checkout	2026-06-08T22:53:03.7564634Z Adding repository directory to the temporary git global config as a safe directory
GitGuardian scan	Checkout	2026-06-08T22:53:03.7567092Z [command]/usr/bin/git config --global --add safe.directory /home/runner/work/ShizukuPlus/ShizukuPlus
GitGuardian scan	Checkout	2026-06-08T22:53:03.7605114Z Deleting the contents of '/home/runner/work/ShizukuPlus/ShizukuPlus'
GitGuardian scan	Checkout	2026-06-08T22:53:03.7608578Z ##[group]Initializing the repository
GitGuardian scan	Checkout	2026-06-08T22:53:03.7611759Z [command]/usr/bin/git init /home/runner/work/ShizukuPlus/ShizukuPlus
GitGuardian scan	Checkout	2026-06-08T22:53:03.7679477Z hint: Using 'master' as the name for the initial branch. This default branch name
GitGuardian scan	Checkout	2026-06-08T22:53:03.7680570Z hint: will change to "main" in Git 3.0. To configure the initial branch name
GitGuardian scan	Checkout	2026-06-08T22:53:03.7681288Z hint: to use in all of your new repositories, which will suppress this warning,
GitGuardian scan	Checkout	2026-06-08T22:53:03.7682045Z hint: call:
GitGuardian scan	Checkout	2026-06-08T22:53:03.7682469Z hint:
GitGuardian scan	Checkout	2026-06-08T22:53:03.7682923Z hint: 	git config --global init.defaultBranch <name>
GitGuardian scan	Checkout	2026-06-08T22:53:03.7683341Z hint:
GitGuardian scan	Checkout	2026-06-08T22:53:03.7684046Z hint: Names commonly chosen instead of 'master' are 'main', 'trunk' and
GitGuardian scan	Checkout	2026-06-08T22:53:03.7685115Z hint: 'development'. The just-created branch can be renamed via this command:
GitGuardian scan	Checkout	2026-06-08T22:53:03.7685899Z hint:
GitGuardian scan	Checkout	2026-06-08T22:53:03.7686353Z hint: 	git branch -m <name>
GitGuardian scan	Checkout	2026-06-08T22:53:03.7686871Z hint:
GitGuardian scan	Checkout	2026-06-08T22:53:03.7687503Z hint: Disable this message with "git config set advice.defaultBranchName false"
GitGuardian scan	Checkout	2026-06-08T22:53:03.7688782Z Initialized empty Git repository in /home/runner/work/ShizukuPlus/ShizukuPlus/.git/
GitGuardian scan	Checkout	2026-06-08T22:53:03.7693827Z [command]/usr/bin/git remote add origin https://github.com/thejaustin/ShizukuPlus
GitGuardian scan	Checkout	2026-06-08T22:53:03.7731007Z ##[endgroup]
GitGuardian scan	Checkout	2026-06-08T22:53:03.7731809Z ##[group]Disabling automatic garbage collection
GitGuardian scan	Checkout	2026-06-08T22:53:03.7734875Z [command]/usr/bin/git config --local gc.auto 0
GitGuardian scan	Checkout	2026-06-08T22:53:03.7761422Z ##[endgroup]
GitGuardian scan	Checkout	2026-06-08T22:53:03.7762016Z ##[group]Setting up auth
GitGuardian scan	Checkout	2026-06-08T22:53:03.7767247Z [command]/usr/bin/git config --local --name-only --get-regexp core\.sshCommand
GitGuardian scan	Checkout	2026-06-08T22:53:03.7795499Z [command]/usr/bin/git submodule foreach --recursive sh -c "git config --local --name-only --get-regexp 'core\.sshCommand' && git config --local --unset-all 'core.sshCommand' || :"
GitGuardian scan	Checkout	2026-06-08T22:53:03.8100138Z [command]/usr/bin/git config --local --name-only --get-regexp http\.https\:\/\/github\.com\/\.extraheader
GitGuardian scan	Checkout	2026-06-08T22:53:03.8126818Z [command]/usr/bin/git submodule foreach --recursive sh -c "git config --local --name-only --get-regexp 'http\.https\:\/\/github\.com\/\.extraheader' && git config --local --unset-all 'http.https://github.com/.extraheader' || :"
GitGuardian scan	Checkout	2026-06-08T22:53:03.8354450Z [command]/usr/bin/git config --local http.https://github.com/.extraheader AUTHORIZATION: basic ***
GitGuardian scan	Checkout	2026-06-08T22:53:03.8387546Z ##[endgroup]
GitGuardian scan	Checkout	2026-06-08T22:53:03.8388580Z ##[group]Fetching the repository
GitGuardian scan	Checkout	2026-06-08T22:53:03.8397396Z [command]/usr/bin/git -c protocol.version=2 fetch --prune --progress --no-recurse-submodules origin +refs/heads/*:refs/remotes/origin/* +refs/tags/*:refs/tags/*
GitGuardian scan	Checkout	2026-06-08T22:53:04.0725616Z remote: Enumerating objects: 31397, done.        
GitGuardian scan	Checkout	2026-06-08T22:53:04.0726374Z remote: Counting objects:   0% (1/1541)        
GitGuardian scan	Checkout	2026-06-08T22:53:04.0726734Z remote: Counting objects:   1% (16/1541)        
GitGuardian scan	Checkout	2026-06-08T22:53:04.0727073Z remote: Counting objects:   2% (31/1541)        
GitGuardian scan	Checkout	2026-06-08T22:53:04.0727389Z remote: Counting objects:   3% (47/1541)        
GitGuardian scan	Checkout	2026-06-08T22:53:04.0727991Z remote: Counting objects:   4% (62/1541)        
GitGuardian scan	Checkout	2026-06-08T22:53:04.0728389Z remote: Counting objects:   5% (78/1541)        
GitGuardian scan	Checkout	2026-06-08T22:53:04.0728716Z remote: Counting objects:   6% (93/1541)        
GitGuardian scan	Checkout	2026-06-08T22:53:04.0729053Z remote: Counting objects:   7% (108/1541)        
GitGuardian scan	Checkout	2026-06-08T22:53:04.0729390Z remote: Counting objects:   8% (124/1541)        
GitGuardian scan	Checkout	2026-06-08T22:53:04.0729844Z remote: Counting objects:   9% (139/1541)        
GitGuardian scan	Checkout	2026-06-08T22:53:04.0730240Z remote: Counting objects:  10% (155/1541)        
GitGuardian scan	Checkout	2026-06-08T22:53:04.0730587Z remote: Counting objects:  11% (170/1541)        
GitGuardian scan	Checkout	2026-06-08T22:53:04.0731192Z remote: Counting objects:  12% (185/1541)        
GitGuardian scan	Checkout	2026-06-08T22:53:04.0731740Z remote: Counting objects:  13% (201/1541)        
GitGuardian scan	Checkout	2026-06-08T22:53:04.0732268Z remote: Counting objects:  14% (216/1541)        
GitGuardian scan	Checkout	2026-06-08T22:53:04.0732789Z remote: Counting objects:  15% (232/1541)        
GitGuardian scan	Checkout	2026-06-08T22:53:04.0733320Z remote: Counting objects:  16% (247/1541)        
GitGuardian scan	Checkout	2026-06-08T22:53:04.0733860Z remote: Counting objects:  17% (262/1541)        
GitGuardian scan	Checkout	2026-06-08T22:53:04.0734411Z remote: Counting objects:  18% (278/1541)        
GitGuardian scan	Checkout	2026-06-08T22:53:04.0734932Z remote: Counting objects:  19% (293/1541)        
GitGuardian scan	Checkout	2026-06-08T22:53:04.0735471Z remote: Counting objects:  20% (309/1541)        
GitGuardian scan	Checkout	2026-06-08T22:53:04.0735923Z remote: Counting objects:  21% (324/1541)        
GitGuardian scan	Checkout	2026-06-08T22:53:04.0736455Z remote: Counting objects:  22% (340/1541)        
GitGuardian scan	Checkout	2026-06-08T22:53:04.0736991Z remote: Counting objects:  23% (355/1541)        
GitGuardian scan	Checkout	2026-06-08T22:53:04.0737516Z remote: Counting objects:  24% (370/1541)        
GitGuardian scan	Checkout	2026-06-08T22:53:04.0738303Z remote: Counting objects:  25% (386/1541)        
GitGuardian scan	Checkout	2026-06-08T22:53:04.0738652Z remote: Counting objects:  26% (401/1541)        
GitGuardian scan	Checkout	2026-06-08T22:53:04.0739202Z remote: Counting objects:  27% (417/1541)        
GitGuardian scan	Checkout	2026-06-08T22:53:04.0739768Z remote: Counting objects:  28% (432/1541)        
GitGuardian scan	Checkout	2026-06-08T22:53:04.0740172Z remote: Counting objects:  29% (447/1541)        
GitGuardian scan	Checkout	2026-06-08T22:53:04.0740503Z remote: Counting objects:  30% (463/1541)        
GitGuardian scan	Checkout	2026-06-08T22:53:04.0740833Z remote: Counting objects:  31% (478/1541)        
GitGuardian scan	Checkout	2026-06-08T22:53:04.0741176Z remote: Counting objects:  32% (494/1541)        
GitGuardian scan	Checkout	2026-06-08T22:53:04.0741513Z remote: Counting objects:  33% (509/1541)        
GitGuardian scan	Checkout	2026-06-08T22:53:04.0741833Z remote: Counting objects:  34% (524/1541)        
GitGuardian scan	Checkout	2026-06-08T22:53:04.0742168Z remote: Counting objects:  35% (540/1541)        
GitGuardian scan	Checkout	2026-06-08T22:53:04.0742866Z remote: Counting objects:  36% (555/1541)        
GitGuardian scan	Checkout	2026-06-08T22:53:04.0743197Z remote: Counting objects:  37% (571/1541)        
GitGuardian scan	Checkout	2026-06-08T22:53:04.0743576Z remote: Counting objects:  38% (586/1541)        
GitGuardian scan	Checkout	2026-06-08T22:53:04.0743899Z remote: Counting objects:  39% (601/1541)        
GitGuardian scan	Checkout	2026-06-08T22:53:04.0744218Z remote: Counting objects:  40% (617/1541)        
GitGuardian scan	Checkout	2026-06-08T22:53:04.0744539Z remote: Counting objects:  41% (632/1541)        
GitGuardian scan	Checkout	2026-06-08T22:53:04.0744859Z remote: Counting objects:  42% (648/1541)        
GitGuardian scan	Checkout	2026-06-08T22:53:04.0745173Z remote: Counting objects:  43% (663/1541)        
GitGuardian scan	Checkout	2026-06-08T22:53:04.0745496Z remote: Counting objects:  44% (679/1541)        
GitGuardian scan	Checkout	2026-06-08T22:53:04.0745830Z remote: Counting objects:  45% (694/1541)        
GitGuardian scan	Checkout	2026-06-08T22:53:04.0746151Z remote: Counting objects:  46% (709/1541)        
GitGuardian scan	Checkout	2026-06-08T22:53:04.0746475Z remote: Counting objects:  47% (725/1541)        
GitGuardian scan	Checkout	2026-06-08T22:53:04.0746995Z remote: Counting objects:  48% (740/1541)        
GitGuardian scan	Checkout	2026-06-08T22:53:04.0747343Z remote: Counting objects:  49% (756/1541)        
GitGuardian scan	Checkout	2026-06-08T22:53:04.0748071Z remote: Counting objects:  50% (771/1541)        
GitGuardian scan	Checkout	2026-06-08T22:53:04.0748515Z remote: Counting objects:  51% (786/1541)        
GitGuardian scan	Checkout	2026-06-08T22:53:04.0749071Z remote: Counting objects:  52% (802/1541)        
GitGuardian scan	Checkout	2026-06-08T22:53:04.0749549Z remote: Counting objects:  53% (817/1541)        
GitGuardian scan	Checkout	2026-06-08T22:53:04.0749879Z remote: Counting objects:  54% (833/1541)        
GitGuardian scan	Checkout	2026-06-08T22:53:04.0750202Z remote: Counting objects:  55% (848/1541)        
GitGuardian scan	Checkout	2026-06-08T22:53:04.0750523Z remote: Counting objects:  56% (863/1541)        
GitGuardian scan	Checkout	2026-06-08T22:53:04.0750846Z remote: Counting objects:  57% (879/1541)        
GitGuardian scan	Checkout	2026-06-08T22:53:04.0751165Z remote: Counting objects:  58% (894/1541)        
GitGuardian scan	Checkout	2026-06-08T22:53:04.0751496Z remote: Counting objects:  59% (910/1541)        
GitGuardian scan	Checkout	2026-06-08T22:53:04.0751819Z remote: Counting objects:  60% (925/1541)        
GitGuardian scan	Checkout	2026-06-08T22:53:04.0752163Z remote: Counting objects:  61% (941/1541)        
GitGuardian scan	Checkout	2026-06-08T22:53:04.0752493Z remote: Counting objects:  62% (956/1541)        
GitGuardian scan	Checkout	2026-06-08T22:53:04.0752814Z remote: Counting objects:  63% (971/1541)        
GitGuardian scan	Checkout	2026-06-08T22:53:04.0753160Z remote: Counting objects:  64% (987/1541)        
GitGuardian scan	Checkout	2026-06-08T22:53:04.0753504Z remote: Counting objects:  65% (1002/1541)        
GitGuardian scan	Checkout	2026-06-08T22:53:04.0753851Z remote: Counting objects:  66% (1018/1541)        
GitGuardian scan	Checkout	2026-06-08T22:53:04.0754183Z remote: Counting objects:  67% (1033/1541)        
GitGuardian scan	Checkout	2026-06-08T22:53:04.0754511Z remote: Counting objects:  68% (1048/1541)        
GitGuardian scan	Checkout	2026-06-08T22:53:04.0754839Z remote: Counting objects:  69% (1064/1541)        
GitGuardian scan	Checkout	2026-06-08T22:53:04.0755166Z remote: Counting objects:  70% (1079/1541)        
GitGuardian scan	Checkout	2026-06-08T22:53:04.0755508Z remote: Counting objects:  71% (1095/1541)        
GitGuardian scan	Checkout	2026-06-08T22:53:04.0755961Z remote: Counting objects:  72% (1110/1541)        
GitGuardian scan	Checkout	2026-06-08T22:53:04.0756317Z remote: Counting objects:  73% (1125/1541)        
GitGuardian scan	Checkout	2026-06-08T22:53:04.0756813Z remote: Counting objects:  74% (1141/1541)        
GitGuardian scan	Checkout	2026-06-08T22:53:04.0757374Z remote: Counting objects:  75% (1156/1541)        
GitGuardian scan	Checkout	2026-06-08T22:53:04.0757905Z remote: Counting objects:  76% (1172/1541)        
GitGuardian scan	Checkout	2026-06-08T22:53:04.0758285Z remote: Counting objects:  77% (1187/1541)        
GitGuardian scan	Checkout	2026-06-08T22:53:04.0758621Z remote: Counting objects:  78% (1202/1541)        
GitGuardian scan	Checkout	2026-06-08T22:53:04.0758942Z remote: Counting objects:  79% (1218/1541)        
GitGuardian scan	Checkout	2026-06-08T22:53:04.0759267Z remote: Counting objects:  80% (1233/1541)        
GitGuardian scan	Checkout	2026-06-08T22:53:04.0759589Z remote: Counting objects:  81% (1249/1541)        
GitGuardian scan	Checkout	2026-06-08T22:53:04.0759915Z remote: Counting objects:  82% (1264/1541)        
GitGuardian scan	Checkout	2026-06-08T22:53:04.0760237Z remote: Counting objects:  83% (1280/1541)        
GitGuardian scan	Checkout	2026-06-08T22:53:04.0760558Z remote: Counting objects:  84% (1295/1541)        
GitGuardian scan	Checkout	2026-06-08T22:53:04.0760886Z remote: Counting objects:  85% (1310/1541)        
GitGuardian scan	Checkout	2026-06-08T22:53:04.0761204Z remote: Counting objects:  86% (1326/1541)        
GitGuardian scan	Checkout	2026-06-08T22:53:04.0761539Z remote: Counting objects:  87% (1341/1541)        
GitGuardian scan	Checkout	2026-06-08T22:53:04.0762083Z remote: Counting objects:  88% (1357/1541)        
GitGuardian scan	Checkout	2026-06-08T22:53:04.0762408Z remote: Counting objects:  89% (1372/1541)        
GitGuardian scan	Checkout	2026-06-08T22:53:04.0762748Z remote: Counting objects:  90% (1387/1541)        
GitGuardian scan	Checkout	2026-06-08T22:53:04.0763095Z remote: Counting objects:  91% (1403/1541)        
GitGuardian scan	Checkout	2026-06-08T22:53:04.0763575Z remote: Counting objects:  92% (1418/1541)        
GitGuardian scan	Checkout	2026-06-08T22:53:04.0763900Z remote: Counting objects:  93% (1434/1541)        
GitGuardian scan	Checkout	2026-06-08T22:53:04.0764222Z remote: Counting objects:  94% (1449/1541)        
GitGuardian scan	Checkout	2026-06-08T22:53:04.0764545Z remote: Counting objects:  95% (1464/1541)        
GitGuardian scan	Checkout	2026-06-08T22:53:04.0764870Z remote: Counting objects:  96% (1480/1541)        
GitGuardian scan	Checkout	2026-06-08T22:53:04.0765193Z remote: Counting objects:  97% (1495/1541)        
GitGuardian scan	Checkout	2026-06-08T22:53:04.0765512Z remote: Counting objects:  98% (1511/1541)        
GitGuardian scan	Checkout	2026-06-08T22:53:04.0765846Z remote: Counting objects:  99% (1526/1541)        
GitGuardian scan	Checkout	2026-06-08T22:53:04.0766333Z remote: Counting objects: 100% (1541/1541)        
GitGuardian scan	Checkout	2026-06-08T22:53:04.0766696Z remote: Counting objects: 100% (1541/1541), done.        
GitGuardian scan	Checkout	2026-06-08T22:53:04.0767076Z remote: Compressing objects:   0% (1/320)        
GitGuardian scan	Checkout	2026-06-08T22:53:04.0767426Z remote: Compressing objects:   1% (4/320)        
GitGuardian scan	Checkout	2026-06-08T22:53:04.0767954Z remote: Compressing objects:   2% (7/320)        
GitGuardian scan	Checkout	2026-06-08T22:53:04.0768345Z remote: Compressing objects:   3% (10/320)        
GitGuardian scan	Checkout	2026-06-08T22:53:04.0768687Z remote: Compressing objects:   4% (13/320)        
GitGuardian scan	Checkout	2026-06-08T22:53:04.0769013Z remote: Compressing objects:   5% (16/320)        
GitGuardian scan	Checkout	2026-06-08T22:53:04.0769370Z remote: Compressing objects:   6% (20/320)        
GitGuardian scan	Checkout	2026-06-08T22:53:04.0769834Z remote: Compressing objects:   7% (23/320)        
GitGuardian scan	Checkout	2026-06-08T22:53:04.0771522Z remote: Compressing objects:   8% (26/320)        
GitGuardian scan	Checkout	2026-06-08T22:53:04.0776637Z remote: Compressing objects:   9% (29/320)        
GitGuardian scan	Checkout	2026-06-08T22:53:04.0788161Z remote: Compressing objects:  10% (32/320)        
GitGuardian scan	Checkout	2026-06-08T22:53:04.0801435Z remote: Compressing objects:  11% (36/320)        
GitGuardian scan	Checkout	2026-06-08T22:53:04.0805066Z remote: Compressing objects:  12% (39/320)        
GitGuardian scan	Checkout	2026-06-08T22:53:04.0882244Z remote: Compressing objects:  13% (42/320)        
GitGuardian scan	Checkout	2026-06-08T22:53:04.0899015Z remote: Compressing objects:  14% (45/320)        
GitGuardian scan	Checkout	2026-06-08T22:53:04.0954657Z remote: Compressing objects:  15% (48/320)        
GitGuardian scan	Checkout	2026-06-08T22:53:04.1003265Z remote: Compressing objects:  16% (52/320)        
GitGuardian scan	Checkout	2026-06-08T22:53:04.1048103Z remote: Compressing objects:  17% (55/320)        
GitGuardian scan	Checkout	2026-06-08T22:53:04.1078777Z remote: Compressing objects:  18% (58/320)        
GitGuardian scan	Checkout	2026-06-08T22:53:04.1098462Z remote: Compressing objects:  19% (61/320)        
GitGuardian scan	Checkout	2026-06-08T22:53:04.1123940Z remote: Compressing objects:  20% (64/320)        
GitGuardian scan	Checkout	2026-06-08T22:53:04.1136441Z remote: Compressing objects:  21% (68/320)        
GitGuardian scan	Checkout	2026-06-08T22:53:04.1147931Z remote: Compressing objects:  22% (71/320)        
GitGuardian scan	Checkout	2026-06-08T22:53:04.1165550Z remote: Compressing objects:  23% (74/320)        
GitGuardian scan	Checkout	2026-06-08T22:53:04.1182324Z remote: Compressing objects:  24% (77/320)        
GitGuardian scan	Checkout	2026-06-08T22:53:04.1206169Z remote: Compressing objects:  25% (80/320)        
GitGuardian scan	Checkout	2026-06-08T22:53:04.1229141Z remote: Compressing objects:  26% (84/320)        
GitGuardian scan	Checkout	2026-06-08T22:53:04.1251198Z remote: Compressing objects:  27% (87/320)        
GitGuardian scan	Checkout	2026-06-08T22:53:04.1258312Z remote: Compressing objects:  28% (90/320)        
GitGuardian scan	Checkout	2026-06-08T22:53:04.1262708Z remote: Compressing objects:  29% (93/320)        
GitGuardian scan	Checkout	2026-06-08T22:53:04.1349724Z remote: Compressing objects:  30% (96/320)        
GitGuardian scan	Checkout	2026-06-08T22:53:04.1350663Z remote: Compressing objects:  31% (100/320)        
GitGuardian scan	Checkout	2026-06-08T22:53:04.1351387Z remote: Compressing objects:  32% (103/320)        
GitGuardian scan	Checkout	2026-06-08T22:53:04.1352145Z remote: Compressing objects:  33% (106/320)        
GitGuardian scan	Checkout	2026-06-08T22:53:04.1352768Z remote: Compressing objects:  34% (109/320)        
GitGuardian scan	Checkout	2026-06-08T22:53:04.1353413Z remote: Compressing objects:  35% (112/320)        
GitGuardian scan	Checkout	2026-06-08T22:53:04.1354076Z remote: Compressing objects:  36% (116/320)        
GitGuardian scan	Checkout	2026-06-08T22:53:04.1355159Z remote: Compressing objects:  37% (119/320)        
GitGuardian scan	Checkout	2026-06-08T22:53:04.1355754Z remote: Compressing objects:  38% (122/320)        
GitGuardian scan	Checkout	2026-06-08T22:53:04.1356308Z remote: Compressing objects:  39% (125/320)        
GitGuardian scan	Checkout	2026-06-08T22:53:04.1356873Z remote: Compressing objects:  40% (128/320)        
GitGuardian scan	Checkout	2026-06-08T22:53:04.1367118Z remote: Compressing objects:  41% (132/320)        
GitGuardian scan	Checkout	2026-06-08T22:53:04.1367968Z remote: Compressing objects:  42% (135/320)        
GitGuardian scan	Checkout	2026-06-08T22:53:04.1368494Z remote: Compressing objects:  43% (138/320)        
GitGuardian scan	Checkout	2026-06-08T22:53:04.1369708Z remote: Compressing objects:  44% (141/320)        
GitGuardian scan	Checkout	2026-06-08T22:53:04.1372280Z remote: Compressing objects:  45% (144/320)        
GitGuardian scan	Checkout	2026-06-08T22:53:04.1374425Z remote: Compressing objects:  46% (148/320)        
GitGuardian scan	Checkout	2026-06-08T22:53:04.1376489Z remote: Compressing objects:  47% (151/320)        
GitGuardian scan	Checkout	2026-06-08T22:53:04.1378723Z remote: Compressing objects:  48% (154/320)        
GitGuardian scan	Checkout	2026-06-08T22:53:04.1381669Z remote: Compressing objects:  49% (157/320)        
GitGuardian scan	Checkout	2026-06-08T22:53:04.1384806Z remote: Compressing objects:  50% (160/320)        
GitGuardian scan	Checkout	2026-06-08T22:53:04.1385259Z remote: Compressing objects:  51% (164/320)        
GitGuardian scan	Checkout	2026-06-08T22:53:04.1385921Z remote: Compressing objects:  52% (167/320)        
GitGuardian scan	Checkout	2026-06-08T22:53:04.1386493Z remote: Compressing objects:  53% (170/320)        
GitGuardian scan	Checkout	2026-06-08T22:53:04.1387434Z remote: Compressing objects:  54% (173/320)        
GitGuardian scan	Checkout	2026-06-08T22:53:04.1388484Z remote: Compressing objects:  55% (176/320)        
GitGuardian scan	Checkout	2026-06-08T22:53:04.1389531Z remote: Compressing objects:  56% (180/320)        
GitGuardian scan	Checkout	2026-06-08T22:53:04.1389907Z remote: Compressing objects:  57% (183/320)        
GitGuardian scan	Checkout	2026-06-08T22:53:04.1390271Z remote: Compressing objects:  58% (186/320)        
GitGuardian scan	Checkout	2026-06-08T22:53:04.1390715Z remote: Compressing objects:  59% (189/320)        
GitGuardian scan	Checkout	2026-06-08T22:53:04.1391322Z remote: Compressing objects:  60% (192/320)        
GitGuardian scan	Checkout	2026-06-08T22:53:04.1392175Z remote: Compressing objects:  61% (196/320)        
GitGuardian scan	Checkout	2026-06-08T22:53:04.1392845Z remote: Compressing objects:  62% (199/320)        
GitGuardian scan	Checkout	2026-06-08T22:53:04.1393441Z remote: Compressing objects:  63% (202/320)        
GitGuardian scan	Checkout	2026-06-08T22:53:04.1394060Z remote: Compressing objects:  64% (205/320)        
GitGuardian scan	Checkout	2026-06-08T22:53:04.1394826Z remote: Compressing objects:  65% (208/320)        
GitGuardian scan	Checkout	2026-06-08T22:53:04.1395421Z remote: Compressing objects:  66% (212/320)        
GitGuardian scan	Checkout	2026-06-08T22:53:04.1395993Z remote: Compressing objects:  67% (215/320)        
GitGuardian scan	Checkout	2026-06-08T22:53:04.1396555Z remote: Compressing objects:  68% (218/320)        
GitGuardian scan	Checkout	2026-06-08T22:53:04.1397113Z remote: Compressing objects:  69% (221/320)        
GitGuardian scan	Checkout	2026-06-08T22:53:04.1397665Z remote: Compressing objects:  70% (224/320)        
GitGuardian scan	Checkout	2026-06-08T22:53:04.1399743Z remote: Compressing objects:  71% (228/320)        
GitGuardian scan	Checkout	2026-06-08T22:53:04.1400318Z remote: Compressing objects:  72% (231/320)        
GitGuardian scan	Checkout	2026-06-08T22:53:04.1405207Z remote: Compressing objects:  73% (234/320)        
GitGuardian scan	Checkout	2026-06-08T22:53:04.1406780Z remote: Compressing objects:  74% (237/320)        
GitGuardian scan	Checkout	2026-06-08T22:53:04.1408578Z remote: Compressing objects:  75% (240/320)        
GitGuardian scan	Checkout	2026-06-08T22:53:04.1410255Z remote: Compressing objects:  76% (244/320)        
GitGuardian scan	Checkout	2026-06-08T22:53:04.1412208Z remote: Compressing objects:  77% (247/320)        
GitGuardian scan	Checkout	2026-06-08T22:53:04.1414539Z remote: Compressing objects:  78% (250/320)        
GitGuardian scan	Checkout	2026-06-08T22:53:04.1417483Z remote: Compressing objects:  79% (253/320)        
GitGuardian scan	Checkout	2026-06-08T22:53:04.1418758Z remote: Compressing objects:  80% (256/320)        
GitGuardian scan	Checkout	2026-06-08T22:53:04.1419340Z remote: Compressing objects:  81% (260/320)        
GitGuardian scan	Checkout	2026-06-08T22:53:04.1419898Z remote: Compressing objects:  82% (263/320)        
GitGuardian scan	Checkout	2026-06-08T22:53:04.1420291Z remote: Compressing objects:  83% (266/320)        
GitGuardian scan	Checkout	2026-06-08T22:53:04.1420684Z remote: Compressing objects:  84% (269/320)        
GitGuardian scan	Checkout	2026-06-08T22:53:04.1421542Z remote: Compressing objects:  85% (272/320)        
GitGuardian scan	Checkout	2026-06-08T22:53:04.1422183Z remote: Compressing objects:  86% (276/320)        
GitGuardian scan	Checkout	2026-06-08T22:53:04.1422766Z remote: Compressing objects:  87% (279/320)        
GitGuardian scan	Checkout	2026-06-08T22:53:04.1423602Z remote: Compressing objects:  88% (282/320)        
GitGuardian scan	Checkout	2026-06-08T22:53:04.1424182Z remote: Compressing objects:  89% (285/320)        
GitGuardian scan	Checkout	2026-06-08T22:53:04.1424764Z remote: Compressing objects:  90% (288/320)        
GitGuardian scan	Checkout	2026-06-08T22:53:04.1425309Z remote: Compressing objects:  91% (292/320)        
GitGuardian scan	Checkout	2026-06-08T22:53:04.1425865Z remote: Compressing objects:  92% (295/320)        
GitGuardian scan	Checkout	2026-06-08T22:53:04.1426424Z remote: Compressing objects:  93% (298/320)        
GitGuardian scan	Checkout	2026-06-08T22:53:04.1426927Z remote: Compressing objects:  94% (301/320)        
GitGuardian scan	Checkout	2026-06-08T22:53:04.1427467Z remote: Compressing objects:  95% (304/320)        
GitGuardian scan	Checkout	2026-06-08T22:53:04.1428139Z remote: Compressing objects:  96% (308/320)        
GitGuardian scan	Checkout	2026-06-08T22:53:04.1428665Z remote: Compressing objects:  97% (311/320)        
GitGuardian scan	Checkout	2026-06-08T22:53:04.1429200Z remote: Compressing objects:  98% (314/320)        
GitGuardian scan	Checkout	2026-06-08T22:53:04.1429924Z remote: Compressing objects:  99% (317/320)        
GitGuardian scan	Checkout	2026-06-08T22:53:04.1430532Z remote: Compressing objects: 100% (320/320)        
GitGuardian scan	Checkout	2026-06-08T22:53:04.1431236Z remote: Compressing objects: 100% (320/320), done.        
GitGuardian scan	Checkout	2026-06-08T22:53:04.1501077Z Receiving objects:   0% (1/31397)
GitGuardian scan	Checkout	2026-06-08T22:53:04.1598870Z Receiving objects:   1% (314/31397)
GitGuardian scan	Checkout	2026-06-08T22:53:04.1731316Z Receiving objects:   2% (628/31397)
GitGuardian scan	Checkout	2026-06-08T22:53:04.1749286Z Receiving objects:   3% (942/31397)
GitGuardian scan	Checkout	2026-06-08T22:53:04.2475003Z Receiving objects:   4% (1256/31397)
GitGuardian scan	Checkout	2026-06-08T22:53:04.4766534Z Receiving objects:   5% (1570/31397)
GitGuardian scan	Checkout	2026-06-08T22:53:04.4780822Z Receiving objects:   6% (1884/31397)
GitGuardian scan	Checkout	2026-06-08T22:53:04.4793932Z Receiving objects:   7% (2198/31397)
GitGuardian scan	Checkout	2026-06-08T22:53:04.4803313Z Receiving objects:   8% (2512/31397)
GitGuardian scan	Checkout	2026-06-08T22:53:04.4813205Z Receiving objects:   9% (2826/31397)
GitGuardian scan	Checkout	2026-06-08T22:53:04.4824821Z Receiving objects:  10% (3140/31397)
GitGuardian scan	Checkout	2026-06-08T22:53:04.4839036Z Receiving objects:  11% (3454/31397)
GitGuardian scan	Checkout	2026-06-08T22:53:04.4848604Z Receiving objects:  12% (3768/31397)
GitGuardian scan	Checkout	2026-06-08T22:53:04.4861537Z Receiving objects:  13% (4082/31397)
GitGuardian scan	Checkout	2026-06-08T22:53:04.4872768Z Receiving objects:  14% (4396/31397)
GitGuardian scan	Checkout	2026-06-08T22:53:04.4881484Z Receiving objects:  15% (4710/31397)
GitGuardian scan	Checkout	2026-06-08T22:53:04.4900671Z Receiving objects:  16% (5024/31397)
GitGuardian scan	Checkout	2026-06-08T22:53:04.4908725Z Receiving objects:  17% (5338/31397)
GitGuardian scan	Checkout	2026-06-08T22:53:04.4918187Z Receiving objects:  18% (5652/31397)
GitGuardian scan	Checkout	2026-06-08T22:53:04.4942839Z Receiving objects:  19% (5966/31397)
GitGuardian scan	Checkout	2026-06-08T22:53:04.4964912Z Receiving objects:  20% (6280/31397)
GitGuardian scan	Checkout	2026-06-08T22:53:04.4988291Z Receiving objects:  21% (6594/31397)
GitGuardian scan	Checkout	2026-06-08T22:53:04.5009478Z Receiving objects:  22% (6908/31397)
GitGuardian scan	Checkout	2026-06-08T22:53:04.5023904Z Receiving objects:  23% (7222/31397)
GitGuardian scan	Checkout	2026-06-08T22:53:04.5030293Z Receiving objects:  24% (7536/31397)
GitGuardian scan	Checkout	2026-06-08T22:53:04.5037673Z Receiving objects:  25% (7850/31397)
GitGuardian scan	Checkout	2026-06-08T22:53:04.5045104Z Receiving objects:  26% (8164/31397)
GitGuardian scan	Checkout	2026-06-08T22:53:04.5052285Z Receiving objects:  27% (8478/31397)
GitGuardian scan	Checkout	2026-06-08T22:53:04.5058954Z Receiving objects:  28% (8792/31397)
GitGuardian scan	Checkout	2026-06-08T22:53:04.5065212Z Receiving objects:  29% (9106/31397)
GitGuardian scan	Checkout	2026-06-08T22:53:04.5071909Z Receiving objects:  30% (9420/31397)
GitGuardian scan	Checkout	2026-06-08T22:53:04.5079496Z Receiving objects:  31% (9734/31397)
GitGuardian scan	Checkout	2026-06-08T22:53:04.5086108Z Receiving objects:  32% (10048/31397)
GitGuardian scan	Checkout	2026-06-08T22:53:04.5093174Z Receiving objects:  33% (10362/31397)
GitGuardian scan	Checkout	2026-06-08T22:53:04.5100975Z Receiving objects:  34% (10675/31397)
GitGuardian scan	Checkout	2026-06-08T22:53:04.5108431Z Receiving objects:  35% (10989/31397)
GitGuardian scan	Checkout	2026-06-08T22:53:04.5115852Z Receiving objects:  36% (11303/31397)
GitGuardian scan	Checkout	2026-06-08T22:53:04.5123764Z Receiving objects:  37% (11617/31397)
GitGuardian scan	Checkout	2026-06-08T22:53:04.5139242Z Receiving objects:  38% (11931/31397)
GitGuardian scan	Checkout	2026-06-08T22:53:04.5139953Z Receiving objects:  39% (12245/31397)
GitGuardian scan	Checkout	2026-06-08T22:53:04.5144097Z Receiving objects:  40% (12559/31397)
GitGuardian scan	Checkout	2026-06-08T22:53:04.5151536Z Receiving objects:  41% (12873/31397)
GitGuardian scan	Checkout	2026-06-08T22:53:04.5158463Z Receiving objects:  42% (13187/31397)
GitGuardian scan	Checkout	2026-06-08T22:53:04.5164414Z Receiving objects:  43% (13501/31397)
GitGuardian scan	Checkout	2026-06-08T22:53:04.5173865Z Receiving objects:  44% (13815/31397)
GitGuardian scan	Checkout	2026-06-08T22:53:04.5177261Z Receiving objects:  45% (14129/31397)
GitGuardian scan	Checkout	2026-06-08T22:53:04.5184257Z Receiving objects:  46% (14443/31397)
GitGuardian scan	Checkout	2026-06-08T22:53:04.5190607Z Receiving objects:  47% (14757/31397)
GitGuardian scan	Checkout	2026-06-08T22:53:04.5196186Z Receiving objects:  48% (15071/31397)
GitGuardian scan	Checkout	2026-06-08T22:53:04.5233249Z Receiving objects:  49% (15385/31397)
GitGuardian scan	Checkout	2026-06-08T22:53:04.5254342Z Receiving objects:  50% (15699/31397)
GitGuardian scan	Checkout	2026-06-08T22:53:04.5270541Z Receiving objects:  51% (16013/31397)
GitGuardian scan	Checkout	2026-06-08T22:53:04.5296651Z Receiving objects:  52% (16327/31397)
GitGuardian scan	Checkout	2026-06-08T22:53:04.5332070Z Receiving objects:  53% (16641/31397)
GitGuardian scan	Checkout	2026-06-08T22:53:04.5355344Z Receiving objects:  54% (16955/31397)
GitGuardian scan	Checkout	2026-06-08T22:53:04.5403226Z Receiving objects:  55% (17269/31397)
GitGuardian scan	Checkout	2026-06-08T22:53:04.5440457Z Receiving objects:  56% (17583/31397)
GitGuardian scan	Checkout	2026-06-08T22:53:04.5475614Z Receiving objects:  57% (17897/31397)
GitGuardian scan	Checkout	2026-06-08T22:53:04.5511976Z Receiving objects:  58% (18211/31397)
GitGuardian scan	Checkout	2026-06-08T22:53:04.5522232Z Receiving objects:  59% (18525/31397)
GitGuardian scan	Checkout	2026-06-08T22:53:04.5534515Z Receiving objects:  60% (18839/31397)
GitGuardian scan	Checkout	2026-06-08T22:53:04.7771933Z Receiving objects:  61% (19153/31397)
GitGuardian scan	Checkout	2026-06-08T22:53:04.7780920Z Receiving objects:  62% (19467/31397), 15.86 MiB | 31.71 MiB/s
GitGuardian scan	Checkout	2026-06-08T22:53:04.7788528Z Receiving objects:  63% (19781/31397), 15.86 MiB | 31.71 MiB/s
GitGuardian scan	Checkout	2026-06-08T22:53:04.7799215Z Receiving objects:  64% (20095/31397), 15.86 MiB | 31.71 MiB/s
GitGuardian scan	Checkout	2026-06-08T22:53:04.7803390Z Receiving objects:  65% (20409/31397), 15.86 MiB | 31.71 MiB/s
GitGuardian scan	Checkout	2026-06-08T22:53:04.7810924Z Receiving objects:  66% (20723/31397), 15.86 MiB | 31.71 MiB/s
GitGuardian scan	Checkout	2026-06-08T22:53:04.7818189Z Receiving objects:  67% (21036/31397), 15.86 MiB | 31.71 MiB/s
GitGuardian scan	Checkout	2026-06-08T22:53:04.7831354Z Receiving objects:  68% (21350/31397), 15.86 MiB | 31.71 MiB/s
GitGuardian scan	Checkout	2026-06-08T22:53:04.7844669Z Receiving objects:  69% (21664/31397), 15.86 MiB | 31.71 MiB/s
GitGuardian scan	Checkout	2026-06-08T22:53:04.7858757Z Receiving objects:  70% (21978/31397), 15.86 MiB | 31.71 MiB/s
GitGuardian scan	Checkout	2026-06-08T22:53:04.7880718Z Receiving objects:  71% (22292/31397), 15.86 MiB | 31.71 MiB/s
GitGuardian scan	Checkout	2026-06-08T22:53:04.7898412Z Receiving objects:  72% (22606/31397), 15.86 MiB | 31.71 MiB/s
GitGuardian scan	Checkout	2026-06-08T22:53:04.7905352Z Receiving objects:  73% (22920/31397), 15.86 MiB | 31.71 MiB/s
GitGuardian scan	Checkout	2026-06-08T22:53:04.7931615Z Receiving objects:  74% (23234/31397), 15.86 MiB | 31.71 MiB/s
GitGuardian scan	Checkout	2026-06-08T22:53:04.7946371Z Receiving objects:  75% (23548/31397), 15.86 MiB | 31.71 MiB/s
GitGuardian scan	Checkout	2026-06-08T22:53:04.7964581Z Receiving objects:  76% (23862/31397), 15.86 MiB | 31.71 MiB/s
GitGuardian scan	Checkout	2026-06-08T22:53:04.7974977Z Receiving objects:  77% (24176/31397), 15.86 MiB | 31.71 MiB/s
GitGuardian scan	Checkout	2026-06-08T22:53:04.8035254Z Receiving objects:  78% (24490/31397), 15.86 MiB | 31.71 MiB/s
GitGuardian scan	Checkout	2026-06-08T22:53:04.8052836Z Receiving objects:  79% (24804/31397), 15.86 MiB | 31.71 MiB/s
GitGuardian scan	Checkout	2026-06-08T22:53:04.8068530Z Receiving objects:  80% (25118/31397), 15.86 MiB | 31.71 MiB/s
GitGuardian scan	Checkout	2026-06-08T22:53:04.8097909Z Receiving objects:  81% (25432/31397), 15.86 MiB | 31.71 MiB/s
GitGuardian scan	Checkout	2026-06-08T22:53:05.1457201Z Receiving objects:  82% (25746/31397), 15.86 MiB | 31.71 MiB/s
GitGuardian scan	Checkout	2026-06-08T22:53:05.3003586Z Receiving objects:  82% (25977/31397), 46.75 MiB | 46.75 MiB/s
GitGuardian scan	Checkout	2026-06-08T22:53:05.3019074Z Receiving objects:  83% (26060/31397), 46.75 MiB | 46.75 MiB/s
GitGuardian scan	Checkout	2026-06-08T22:53:05.3051189Z Receiving objects:  84% (26374/31397), 46.75 MiB | 46.75 MiB/s
GitGuardian scan	Checkout	2026-06-08T22:53:05.3058956Z Receiving objects:  85% (26688/31397), 46.75 MiB | 46.75 MiB/s
GitGuardian scan	Checkout	2026-06-08T22:53:05.3099307Z Receiving objects:  86% (27002/31397), 46.75 MiB | 46.75 MiB/s
GitGuardian scan	Checkout	2026-06-08T22:53:05.3123009Z Receiving objects:  87% (27316/31397), 46.75 MiB | 46.75 MiB/s
GitGuardian scan	Checkout	2026-06-08T22:53:05.3133059Z Receiving objects:  88% (27630/31397), 46.75 MiB | 46.75 MiB/s
GitGuardian scan	Checkout	2026-06-08T22:53:05.5707917Z Receiving objects:  89% (27944/31397), 46.75 MiB | 46.75 MiB/s
GitGuardian scan	Checkout	2026-06-08T22:53:05.5731474Z Receiving objects:  90% (28258/31397), 46.75 MiB | 46.75 MiB/s
GitGuardian scan	Checkout	2026-06-08T22:53:05.5771710Z Receiving objects:  91% (28572/31397), 46.75 MiB | 46.75 MiB/s
GitGuardian scan	Checkout	2026-06-08T22:53:05.5783664Z Receiving objects:  92% (28886/31397), 46.75 MiB | 46.75 MiB/s
GitGuardian scan	Checkout	2026-06-08T22:53:05.5804870Z Receiving objects:  93% (29200/31397), 46.75 MiB | 46.75 MiB/s
GitGuardian scan	Checkout	2026-06-08T22:53:05.5816849Z Receiving objects:  94% (29514/31397), 46.75 MiB | 46.75 MiB/s
GitGuardian scan	Checkout	2026-06-08T22:53:05.5823052Z Receiving objects:  95% (29828/31397), 46.75 MiB | 46.75 MiB/s
GitGuardian scan	Checkout	2026-06-08T22:53:05.5826986Z Receiving objects:  96% (30142/31397), 46.75 MiB | 46.75 MiB/s
GitGuardian scan	Checkout	2026-06-08T22:53:05.5851383Z Receiving objects:  97% (30456/31397), 46.75 MiB | 46.75 MiB/s
GitGuardian scan	Checkout	2026-06-08T22:53:05.5888824Z Receiving objects:  98% (30770/31397), 46.75 MiB | 46.75 MiB/s
GitGuardian scan	Checkout	2026-06-08T22:53:05.5981687Z Receiving objects:  99% (31084/31397), 46.75 MiB | 46.75 MiB/s
GitGuardian scan	Checkout	2026-06-08T22:53:05.5982500Z remote: Total 31397 (delta 1341), reused 1275 (delta 1190), pack-reused 29856 (from 2)        
GitGuardian scan	Checkout	2026-06-08T22:53:05.6000210Z Receiving objects: 100% (31397/31397), 46.75 MiB | 46.75 MiB/s
GitGuardian scan	Checkout	2026-06-08T22:53:05.6001396Z Receiving objects: 100% (31397/31397), 67.12 MiB | 46.16 MiB/s, done.
GitGuardian scan	Checkout	2026-06-08T22:53:05.6040292Z Resolving deltas:   0% (0/17315)
GitGuardian scan	Checkout	2026-06-08T22:53:05.6063849Z Resolving deltas:   1% (174/17315)
GitGuardian scan	Checkout	2026-06-08T22:53:05.6104769Z Resolving deltas:   2% (347/17315)
GitGuardian scan	Checkout	2026-06-08T22:53:05.6121714Z Resolving deltas:   3% (520/17315)
GitGuardian scan	Checkout	2026-06-08T22:53:05.6135226Z Resolving deltas:   4% (693/17315)
GitGuardian scan	Checkout	2026-06-08T22:53:05.6179543Z Resolving deltas:   5% (866/17315)
GitGuardian scan	Checkout	2026-06-08T22:53:05.6238740Z Resolving deltas:   6% (1039/17315)
GitGuardian scan	Checkout	2026-06-08T22:53:05.6262971Z Resolving deltas:   7% (1213/17315)
GitGuardian scan	Checkout	2026-06-08T22:53:05.6285650Z Resolving deltas:   8% (1386/17315)
GitGuardian scan	Checkout	2026-06-08T22:53:05.6311030Z Resolving deltas:   9% (1559/17315)
GitGuardian scan	Checkout	2026-06-08T22:53:05.6333126Z Resolving deltas:  10% (1732/17315)
GitGuardian scan	Checkout	2026-06-08T22:53:05.6358928Z Resolving deltas:  11% (1905/17315)
GitGuardian scan	Checkout	2026-06-08T22:53:05.6390820Z Resolving deltas:  12% (2078/17315)
GitGuardian scan	Checkout	2026-06-08T22:53:05.6426595Z Resolving deltas:  13% (2251/17315)
GitGuardian scan	Checkout	2026-06-08T22:53:05.6452388Z Resolving deltas:  14% (2425/17315)
GitGuardian scan	Checkout	2026-06-08T22:53:05.6468184Z Resolving deltas:  15% (2599/17315)
GitGuardian scan	Checkout	2026-06-08T22:53:05.6493865Z Resolving deltas:  16% (2771/17315)
GitGuardian scan	Checkout	2026-06-08T22:53:05.6515992Z Resolving deltas:  17% (2944/17315)
GitGuardian scan	Checkout	2026-06-08T22:53:05.6588524Z Resolving deltas:  18% (3117/17315)
GitGuardian scan	Checkout	2026-06-08T22:53:05.6651441Z Resolving deltas:  19% (3290/17315)
GitGuardian scan	Checkout	2026-06-08T22:53:05.6720739Z Resolving deltas:  20% (3464/17315)
GitGuardian scan	Checkout	2026-06-08T22:53:05.6794894Z Resolving deltas:  21% (3637/17315)
GitGuardian scan	Checkout	2026-06-08T22:53:05.6841419Z Resolving deltas:  22% (3810/17315)
GitGuardian scan	Checkout	2026-06-08T22:53:05.6863574Z Resolving deltas:  23% (3983/17315)
GitGuardian scan	Checkout	2026-06-08T22:53:05.6882160Z Resolving deltas:  24% (4156/17315)
GitGuardian scan	Checkout	2026-06-08T22:53:05.6895641Z Resolving deltas:  25% (4329/17315)
GitGuardian scan	Checkout	2026-06-08T22:53:05.6904272Z Resolving deltas:  26% (4502/17315)
GitGuardian scan	Checkout	2026-06-08T22:53:05.6912361Z Resolving deltas:  27% (4676/17315)
GitGuardian scan	Checkout	2026-06-08T22:53:05.6916647Z Resolving deltas:  28% (4849/17315)
GitGuardian scan	Checkout	2026-06-08T22:53:05.6927380Z Resolving deltas:  29% (5022/17315)
GitGuardian scan	Checkout	2026-06-08T22:53:05.6941303Z Resolving deltas:  30% (5195/17315)
GitGuardian scan	Checkout	2026-06-08T22:53:05.6948008Z Resolving deltas:  31% (5368/17315)
GitGuardian scan	Checkout	2026-06-08T22:53:05.6957070Z Resolving deltas:  32% (5541/17315)
GitGuardian scan	Checkout	2026-06-08T22:53:05.6963016Z Resolving deltas:  33% (5714/17315)
GitGuardian scan	Checkout	2026-06-08T22:53:05.6972041Z Resolving deltas:  34% (5889/17315)
GitGuardian scan	Checkout	2026-06-08T22:53:05.6985096Z Resolving deltas:  35% (6061/17315)
GitGuardian scan	Checkout	2026-06-08T22:53:05.7006803Z Resolving deltas:  36% (6234/17315)
GitGuardian scan	Checkout	2026-06-08T22:53:05.7030141Z Resolving deltas:  37% (6407/17315)
GitGuardian scan	Checkout	2026-06-08T22:53:05.7050971Z Resolving deltas:  38% (6581/17315)
GitGuardian scan	Checkout	2026-06-08T22:53:05.7074759Z Resolving deltas:  39% (6753/17315)
GitGuardian scan	Checkout	2026-06-08T22:53:05.7096923Z Resolving deltas:  40% (6926/17315)
GitGuardian scan	Checkout	2026-06-08T22:53:05.7118341Z Resolving deltas:  41% (7100/17315)
GitGuardian scan	Checkout	2026-06-08T22:53:05.7128399Z Resolving deltas:  42% (7273/17315)
GitGuardian scan	Checkout	2026-06-08T22:53:05.7139551Z Resolving deltas:  43% (7446/17315)
GitGuardian scan	Checkout	2026-06-08T22:53:05.7147183Z Resolving deltas:  44% (7620/17315)
GitGuardian scan	Checkout	2026-06-08T22:53:05.7155820Z Resolving deltas:  45% (7792/17315)
GitGuardian scan	Checkout	2026-06-08T22:53:05.7164825Z Resolving deltas:  46% (7965/17315)
GitGuardian scan	Checkout	2026-06-08T22:53:05.7172067Z Resolving deltas:  47% (8139/17315)
GitGuardian scan	Checkout	2026-06-08T22:53:05.7179875Z Resolving deltas:  48% (8312/17315)
GitGuardian scan	Checkout	2026-06-08T22:53:05.7188218Z Resolving deltas:  49% (8485/17315)
GitGuardian scan	Checkout	2026-06-08T22:53:05.7195407Z Resolving deltas:  50% (8658/17315)
GitGuardian scan	Checkout	2026-06-08T22:53:05.7202986Z Resolving deltas:  51% (8831/17315)
GitGuardian scan	Checkout	2026-06-08T22:53:05.7211987Z Resolving deltas:  52% (9004/17315)
GitGuardian scan	Checkout	2026-06-08T22:53:05.7219924Z Resolving deltas:  53% (9177/17315)
GitGuardian scan	Checkout	2026-06-08T22:53:05.7228662Z Resolving deltas:  54% (9351/17315)
GitGuardian scan	Checkout	2026-06-08T22:53:05.7237888Z Resolving deltas:  55% (9524/17315)
GitGuardian scan	Checkout	2026-06-08T22:53:05.7244412Z Resolving deltas:  56% (9697/17315)
GitGuardian scan	Checkout	2026-06-08T22:53:05.7251440Z Resolving deltas:  57% (9870/17315)
GitGuardian scan	Checkout	2026-06-08T22:53:05.7261252Z Resolving deltas:  58% (10043/17315)
GitGuardian scan	Checkout	2026-06-08T22:53:05.7269499Z Resolving deltas:  59% (10218/17315)
GitGuardian scan	Checkout	2026-06-08T22:53:05.7278939Z Resolving deltas:  60% (10389/17315)
GitGuardian scan	Checkout	2026-06-08T22:53:05.7288297Z Resolving deltas:  61% (10563/17315)
GitGuardian scan	Checkout	2026-06-08T22:53:05.7294760Z Resolving deltas:  62% (10736/17315)
GitGuardian scan	Checkout	2026-06-08T22:53:05.7304085Z Resolving deltas:  63% (10910/17315)
GitGuardian scan	Checkout	2026-06-08T22:53:05.7313306Z Resolving deltas:  64% (11082/17315)
GitGuardian scan	Checkout	2026-06-08T22:53:05.7321550Z Resolving deltas:  65% (11255/17315)
GitGuardian scan	Checkout	2026-06-08T22:53:05.7331989Z Resolving deltas:  66% (11428/17315)
GitGuardian scan	Checkout	2026-06-08T22:53:05.7341027Z Resolving deltas:  67% (11602/17315)
GitGuardian scan	Checkout	2026-06-08T22:53:05.7349706Z Resolving deltas:  68% (11775/17315)
GitGuardian scan	Checkout	2026-06-08T22:53:05.7360371Z Resolving deltas:  69% (11949/17315)
GitGuardian scan	Checkout	2026-06-08T22:53:05.7369288Z Resolving deltas:  70% (12121/17315)
GitGuardian scan	Checkout	2026-06-08T22:53:05.7383942Z Resolving deltas:  71% (12294/17315)
GitGuardian scan	Checkout	2026-06-08T22:53:05.7409123Z Resolving deltas:  72% (12467/17315)
GitGuardian scan	Checkout	2026-06-08T22:53:05.7442495Z Resolving deltas:  73% (12641/17315)
GitGuardian scan	Checkout	2026-06-08T22:53:05.7476192Z Resolving deltas:  74% (12814/17315)
GitGuardian scan	Checkout	2026-06-08T22:53:05.7491119Z Resolving deltas:  75% (12987/17315)
GitGuardian scan	Checkout	2026-06-08T22:53:05.7507424Z Resolving deltas:  76% (13160/17315)
GitGuardian scan	Checkout	2026-06-08T22:53:05.7533056Z Resolving deltas:  77% (13333/17315)
GitGuardian scan	Checkout	2026-06-08T22:53:05.7556001Z Resolving deltas:  78% (13506/17315)
GitGuardian scan	Checkout	2026-06-08T22:53:05.7575768Z Resolving deltas:  79% (13679/17315)
GitGuardian scan	Checkout	2026-06-08T22:53:05.7600743Z Resolving deltas:  80% (13852/17315)
GitGuardian scan	Checkout	2026-06-08T22:53:05.7622414Z Resolving deltas:  81% (14026/17315)
GitGuardian scan	Checkout	2026-06-08T22:53:05.7641835Z Resolving deltas:  82% (14199/17315)
GitGuardian scan	Checkout	2026-06-08T22:53:05.7663883Z Resolving deltas:  83% (14372/17315)
GitGuardian scan	Checkout	2026-06-08T22:53:05.7686920Z Resolving deltas:  84% (14545/17315)
GitGuardian scan	Checkout	2026-06-08T22:53:05.7711647Z Resolving deltas:  85% (14718/17315)
GitGuardian scan	Checkout	2026-06-08T22:53:05.7744368Z Resolving deltas:  86% (14891/17315)
GitGuardian scan	Checkout	2026-06-08T22:53:05.7764379Z Resolving deltas:  87% (15065/17315)
GitGuardian scan	Checkout	2026-06-08T22:53:05.7772133Z Resolving deltas:  88% (15238/17315)
GitGuardian scan	Checkout	2026-06-08T22:53:05.7810339Z Resolving deltas:  89% (15411/17315)
GitGuardian scan	Checkout	2026-06-08T22:53:05.7841958Z Resolving deltas:  90% (15584/17315)
GitGuardian scan	Checkout	2026-06-08T22:53:05.7885913Z Resolving deltas:  91% (15757/17315)
GitGuardian scan	Checkout	2026-06-08T22:53:05.7914519Z Resolving deltas:  92% (15930/17315)
GitGuardian scan	Checkout	2026-06-08T22:53:05.7921437Z Resolving deltas:  93% (16103/17315)
GitGuardian scan	Checkout	2026-06-08T22:53:05.7933795Z Resolving deltas:  94% (16277/17315)
GitGuardian scan	Checkout	2026-06-08T22:53:05.7943959Z Resolving deltas:  95% (16450/17315)
GitGuardian scan	Checkout	2026-06-08T22:53:05.7955108Z Resolving deltas:  96% (16623/17315)
GitGuardian scan	Checkout	2026-06-08T22:53:05.9367360Z Resolving deltas:  97% (16796/17315)
GitGuardian scan	Checkout	2026-06-08T22:53:05.9435283Z Resolving deltas:  98% (16969/17315)
GitGuardian scan	Checkout	2026-06-08T22:53:06.0506205Z Resolving deltas:  99% (17142/17315)
GitGuardian scan	Checkout	2026-06-08T22:53:06.0506796Z Resolving deltas: 100% (17315/17315)
GitGuardian scan	Checkout	2026-06-08T22:53:06.0507255Z Resolving deltas: 100% (17315/17315), done.
GitGuardian scan	Checkout	2026-06-08T22:53:06.1553149Z From https://github.com/thejaustin/ShizukuPlus
GitGuardian scan	Checkout	2026-06-08T22:53:06.1554423Z  * [new branch]        fix-auth-vulnerability-1367138564057366674 -> origin/fix-auth-vulnerability-1367138564057366674
GitGuardian scan	Checkout	2026-06-08T22:53:06.1555885Z  * [new branch]        fix_logging-3430839810391412202 -> origin/fix_logging-3430839810391412202
GitGuardian scan	Checkout	2026-06-08T22:53:06.1557130Z  * [new branch]        jules-11886277638629588087-a6fcb9bd -> origin/jules-11886277638629588087-a6fcb9bd
GitGuardian scan	Checkout	2026-06-08T22:53:06.1558896Z  * [new branch]        jules-2732871605793923801-e4a1a586 -> origin/jules-2732871605793923801-e4a1a586
GitGuardian scan	Checkout	2026-06-08T22:53:06.1560130Z  * [new branch]        master                      -> origin/master
GitGuardian scan	Checkout	2026-06-08T22:53:06.1560998Z  * [new branch]        perf/activity-log-cleanup-14352634529673974166 -> origin/perf/activity-log-cleanup-14352634529673974166
GitGuardian scan	Checkout	2026-06-08T22:53:06.1562073Z  * [new branch]        performance-wait-system-service-18253859998065832156 -> origin/performance-wait-system-service-18253859998065832156
GitGuardian scan	Checkout	2026-06-08T22:53:06.1563208Z  * [new branch]        testing-improvement-database-dao-4217402086549121112 -> origin/testing-improvement-database-dao-4217402086549121112
GitGuardian scan	Checkout	2026-06-08T22:53:06.1564193Z  * [new tag]           v13.5.0.r1205-thedjchi-beta -> v13.5.0.r1205-thedjchi-beta
GitGuardian scan	Checkout	2026-06-08T22:53:06.1564878Z  * [new tag]           v13.6.0-beta.1687           -> v13.6.0-beta.1687
GitGuardian scan	Checkout	2026-06-08T22:53:06.1565651Z  * [new tag]           v13.6.0-beta.1688           -> v13.6.0-beta.1688
GitGuardian scan	Checkout	2026-06-08T22:53:06.1566293Z  * [new tag]           v13.6.0-beta.1689           -> v13.6.0-beta.1689
GitGuardian scan	Checkout	2026-06-08T22:53:06.1567055Z  * [new tag]           v13.6.0-beta.1690           -> v13.6.0-beta.1690
GitGuardian scan	Checkout	2026-06-08T22:53:06.1567947Z  * [new tag]           v13.6.0-beta.1691           -> v13.6.0-beta.1691
GitGuardian scan	Checkout	2026-06-08T22:53:06.1568553Z  * [new tag]           v13.6.0-beta.1697           -> v13.6.0-beta.1697
GitGuardian scan	Checkout	2026-06-08T22:53:06.1569118Z  * [new tag]           v13.6.0-beta.1698           -> v13.6.0-beta.1698
GitGuardian scan	Checkout	2026-06-08T22:53:06.1569689Z  * [new tag]           v13.6.0-beta.1700           -> v13.6.0-beta.1700
GitGuardian scan	Checkout	2026-06-08T22:53:06.1570266Z  * [new tag]           v13.6.0-beta.1702           -> v13.6.0-beta.1702
GitGuardian scan	Checkout	2026-06-08T22:53:06.1570827Z  * [new tag]           v13.6.0-beta.1704           -> v13.6.0-beta.1704
GitGuardian scan	Checkout	2026-06-08T22:53:06.1571394Z  * [new tag]           v13.6.0-beta.1705           -> v13.6.0-beta.1705
GitGuardian scan	Checkout	2026-06-08T22:53:06.1571962Z  * [new tag]           v13.6.0-beta.1710           -> v13.6.0-beta.1710
GitGuardian scan	Checkout	2026-06-08T22:53:06.1572558Z  * [new tag]           v13.6.0-beta.1716           -> v13.6.0-beta.1716
GitGuardian scan	Checkout	2026-06-08T22:53:06.1573146Z  * [new tag]           v13.6.0-beta.1731           -> v13.6.0-beta.1731
GitGuardian scan	Checkout	2026-06-08T22:53:06.1573712Z  * [new tag]           v13.6.0-beta.1732           -> v13.6.0-beta.1732
GitGuardian scan	Checkout	2026-06-08T22:53:06.1574299Z  * [new tag]           v13.6.0-thedjchi            -> v13.6.0-thedjchi
GitGuardian scan	Checkout	2026-06-08T22:53:06.1574925Z  * [new tag]           v13.6.0.r1113-thedjchi      -> v13.6.0.r1113-thedjchi
GitGuardian scan	Checkout	2026-06-08T22:53:06.1575563Z  * [new tag]           v13.6.0.r1117-thedjchi      -> v13.6.0.r1117-thedjchi
GitGuardian scan	Checkout	2026-06-08T22:53:06.1576089Z  * [new tag]           v13.6.0.r1129-thedjchi      -> v13.6.0.r1129-thedjchi
GitGuardian scan	Checkout	2026-06-08T22:53:06.1576483Z  * [new tag]           v13.6.0.r1131-thedjchi      -> v13.6.0.r1131-thedjchi
GitGuardian scan	Checkout	2026-06-08T22:53:06.1576862Z  * [new tag]           v13.6.0.r1136-thedjchi      -> v13.6.0.r1136-thedjchi
GitGuardian scan	Checkout	2026-06-08T22:53:06.1577237Z  * [new tag]           v13.6.0.r1155-thedjchi      -> v13.6.0.r1155-thedjchi
GitGuardian scan	Checkout	2026-06-08T22:53:06.1577852Z  * [new tag]           v13.6.0.r1159-thedjchi      -> v13.6.0.r1159-thedjchi
GitGuardian scan	Checkout	2026-06-08T22:53:06.1578477Z  * [new tag]           v13.6.0.r1161-thedjchi      -> v13.6.0.r1161-thedjchi
GitGuardian scan	Checkout	2026-06-08T22:53:06.1578895Z  * [new tag]           v13.6.0.r1169-thedjchi      -> v13.6.0.r1169-thedjchi
GitGuardian scan	Checkout	2026-06-08T22:53:06.1579310Z  * [new tag]           v13.6.0.r1187-thedjchi-beta -> v13.6.0.r1187-thedjchi-beta
GitGuardian scan	Checkout	2026-06-08T22:53:06.1579823Z  * [new tag]           v13.6.0.r1189-thedjchi-beta -> v13.6.0.r1189-thedjchi-beta
GitGuardian scan	Checkout	2026-06-08T22:53:06.1580544Z  * [new tag]           v13.6.0.r1196-thedjchi      -> v13.6.0.r1196-thedjchi
GitGuardian scan	Checkout	2026-06-08T22:53:06.1581169Z  * [new tag]           v13.6.0.r1215-thedjchi      -> v13.6.0.r1215-thedjchi
GitGuardian scan	Checkout	2026-06-08T22:53:06.1581743Z  * [new tag]           v13.6.0.r1216-thedjchi      -> v13.6.0.r1216-thedjchi
GitGuardian scan	Checkout	2026-06-08T22:53:06.1582145Z  * [new tag]           v13.6.0.r1228-thedjchi      -> v13.6.0.r1228-thedjchi
GitGuardian scan	Checkout	2026-06-08T22:53:06.1582736Z  * [new tag]           v13.6.0.r1229-thedjchi      -> v13.6.0.r1229-thedjchi
GitGuardian scan	Checkout	2026-06-08T22:53:06.1583593Z  * [new tag]           v13.6.0.r1230-thedjchi      -> v13.6.0.r1230-thedjchi
GitGuardian scan	Checkout	2026-06-08T22:53:06.1584228Z  * [new tag]           v13.6.0.r1235-thedjchi      -> v13.6.0.r1235-thedjchi
GitGuardian scan	Checkout	2026-06-08T22:53:06.1584857Z  * [new tag]           v13.6.0.r1240-thedjchi      -> v13.6.0.r1240-thedjchi
GitGuardian scan	Checkout	2026-06-08T22:53:06.1585492Z  * [new tag]           v13.6.0.r1243-thedjchi      -> v13.6.0.r1243-thedjchi
GitGuardian scan	Checkout	2026-06-08T22:53:06.1586171Z  * [new tag]           v13.6.0.r1251-thedjchi      -> v13.6.0.r1251-thedjchi
GitGuardian scan	Checkout	2026-06-08T22:53:06.1586820Z  * [new tag]           v13.6.0.r1254-thedjchi      -> v13.6.0.r1254-thedjchi
GitGuardian scan	Checkout	2026-06-08T22:53:06.1587445Z  * [new tag]           v13.6.0.r1259-thedjchi      -> v13.6.0.r1259-thedjchi
GitGuardian scan	Checkout	2026-06-08T22:53:06.1588262Z  * [new tag]           v13.6.0.r1274-thedjchi      -> v13.6.0.r1274-thedjchi
GitGuardian scan	Checkout	2026-06-08T22:53:06.1588885Z  * [new tag]           v13.6.0.r1281-thedjchi      -> v13.6.0.r1281-thedjchi
GitGuardian scan	Checkout	2026-06-08T22:53:06.1589683Z  * [new tag]           v13.6.0.r1284-thedjchi      -> v13.6.0.r1284-thedjchi
GitGuardian scan	Checkout	2026-06-08T22:53:06.1590310Z  * [new tag]           v13.6.0.r1290-thedjchi      -> v13.6.0.r1290-thedjchi
GitGuardian scan	Checkout	2026-06-08T22:53:06.1590927Z  * [new tag]           v13.6.0.r1311-thedjchi      -> v13.6.0.r1311-thedjchi
GitGuardian scan	Checkout	2026-06-08T22:53:06.1591553Z  * [new tag]           v13.6.0.r1318-thedjchi      -> v13.6.0.r1318-thedjchi
GitGuardian scan	Checkout	2026-06-08T22:53:06.1592217Z  * [new tag]           v13.6.0.r1337-thedjchi-beta -> v13.6.0.r1337-thedjchi-beta
GitGuardian scan	Checkout	2026-06-08T22:53:06.1592914Z  * [new tag]           v13.6.0.r1338-thedjchi-beta -> v13.6.0.r1338-thedjchi-beta
GitGuardian scan	Checkout	2026-06-08T22:53:06.1593607Z  * [new tag]           v13.6.0.r1343-shizukuplus   -> v13.6.0.r1343-shizukuplus
GitGuardian scan	Checkout	2026-06-08T22:53:06.1594290Z  * [new tag]           v13.6.0.r1349-thedjchi-beta -> v13.6.0.r1349-thedjchi-beta
GitGuardian scan	Checkout	2026-06-08T22:53:06.1594965Z  * [new tag]           v13.6.0.r1358-shizukuplus   -> v13.6.0.r1358-shizukuplus
GitGuardian scan	Checkout	2026-06-08T22:53:06.1595627Z  * [new tag]           v13.6.0.r1359-shizukuplus   -> v13.6.0.r1359-shizukuplus
GitGuardian scan	Checkout	2026-06-08T22:53:06.1596289Z  * [new tag]           v13.6.0.r1360-shizukuplus   -> v13.6.0.r1360-shizukuplus
GitGuardian scan	Checkout	2026-06-08T22:53:06.1596952Z  * [new tag]           v13.6.0.r1361-shizukuplus   -> v13.6.0.r1361-shizukuplus
GitGuardian scan	Checkout	2026-06-08T22:53:06.1597618Z  * [new tag]           v13.6.0.r1368-shizukuplus   -> v13.6.0.r1368-shizukuplus
GitGuardian scan	Checkout	2026-06-08T22:53:06.1598422Z  * [new tag]           v13.6.0.r1369-shizukuplus   -> v13.6.0.r1369-shizukuplus
GitGuardian scan	Checkout	2026-06-08T22:53:06.1599080Z  * [new tag]           v13.6.0.r1370-shizukuplus   -> v13.6.0.r1370-shizukuplus
GitGuardian scan	Checkout	2026-06-08T22:53:06.1599734Z  * [new tag]           v13.6.0.r1371-shizukuplus   -> v13.6.0.r1371-shizukuplus
GitGuardian scan	Checkout	2026-06-08T22:53:06.1600381Z  * [new tag]           v13.6.0.r1373-shizukuplus   -> v13.6.0.r1373-shizukuplus
GitGuardian scan	Checkout	2026-06-08T22:53:06.1601035Z  * [new tag]           v13.6.0.r1377-shizukuplus   -> v13.6.0.r1377-shizukuplus
GitGuardian scan	Checkout	2026-06-08T22:53:06.1601689Z  * [new tag]           v13.6.0.r1378-shizukuplus   -> v13.6.0.r1378-shizukuplus
GitGuardian scan	Checkout	2026-06-08T22:53:06.1602363Z  * [new tag]           v13.6.0.r1379-shizukuplus   -> v13.6.0.r1379-shizukuplus
GitGuardian scan	Checkout	2026-06-08T22:53:06.1603020Z  * [new tag]           v13.6.0.r1383-shizukuplus   -> v13.6.0.r1383-shizukuplus
GitGuardian scan	Checkout	2026-06-08T22:53:06.1603673Z  * [new tag]           v13.6.0.r1384-shizukuplus   -> v13.6.0.r1384-shizukuplus
GitGuardian scan	Checkout	2026-06-08T22:53:06.1604326Z  * [new tag]           v13.6.0.r1385-shizukuplus   -> v13.6.0.r1385-shizukuplus
GitGuardian scan	Checkout	2026-06-08T22:53:06.1604976Z  * [new tag]           v13.6.0.r1386-shizukuplus   -> v13.6.0.r1386-shizukuplus
GitGuardian scan	Checkout	2026-06-08T22:53:06.1605640Z  * [new tag]           v13.6.0.r1387-shizukuplus   -> v13.6.0.r1387-shizukuplus
GitGuardian scan	Checkout	2026-06-08T22:53:06.1606241Z  * [new tag]           v13.6.0.r1395-shizukuplus   -> v13.6.0.r1395-shizukuplus
GitGuardian scan	Checkout	2026-06-08T22:53:06.1606639Z  * [new tag]           v13.6.0.r1406-shizukuplus   -> v13.6.0.r1406-shizukuplus
GitGuardian scan	Checkout	2026-06-08T22:53:06.1607087Z  * [new tag]           v13.6.0.r1407-shizukuplus   -> v13.6.0.r1407-shizukuplus
GitGuardian scan	Checkout	2026-06-08T22:53:06.1607872Z  * [new tag]           v13.6.0.r1412-shizukuplus   -> v13.6.0.r1412-shizukuplus
GitGuardian scan	Checkout	2026-06-08T22:53:06.1608775Z  * [new tag]           v13.6.0.r1414-shizukuplus   -> v13.6.0.r1414-shizukuplus
GitGuardian scan	Checkout	2026-06-08T22:53:06.1609322Z  * [new tag]           v13.6.0.r1415-shizukuplus   -> v13.6.0.r1415-shizukuplus
GitGuardian scan	Checkout	2026-06-08T22:53:06.1609723Z  * [new tag]           v13.6.0.r1416-shizukuplus   -> v13.6.0.r1416-shizukuplus
GitGuardian scan	Checkout	2026-06-08T22:53:06.1610150Z  * [new tag]           v13.6.0.r1421-shizukuplus   -> v13.6.0.r1421-shizukuplus
GitGuardian scan	Checkout	2026-06-08T22:53:06.1610559Z  * [new tag]           v13.6.0.r1422-shizukuplus   -> v13.6.0.r1422-shizukuplus
GitGuardian scan	Checkout	2026-06-08T22:53:06.1610992Z  * [new tag]           v13.6.0.r1423-shizukuplus   -> v13.6.0.r1423-shizukuplus
GitGuardian scan	Checkout	2026-06-08T22:53:06.1611392Z  * [new tag]           v13.6.0.r1425-shizukuplus   -> v13.6.0.r1425-shizukuplus
GitGuardian scan	Checkout	2026-06-08T22:53:06.1611785Z  * [new tag]           v13.6.0.r1426-shizukuplus   -> v13.6.0.r1426-shizukuplus
GitGuardian scan	Checkout	2026-06-08T22:53:06.1612494Z  * [new tag]           v13.6.0.r1438-shizukuplus   -> v13.6.0.r1438-shizukuplus
GitGuardian scan	Checkout	2026-06-08T22:53:06.1612952Z  * [new tag]           v13.6.0.r1450-shizukuplus   -> v13.6.0.r1450-shizukuplus
GitGuardian scan	Checkout	2026-06-08T22:53:06.1613354Z  * [new tag]           v13.6.0.r1451-shizukuplus   -> v13.6.0.r1451-shizukuplus
GitGuardian scan	Checkout	2026-06-08T22:53:06.1613744Z  * [new tag]           v13.6.0.r1454-shizukuplus   -> v13.6.0.r1454-shizukuplus
GitGuardian scan	Checkout	2026-06-08T22:53:06.1614136Z  * [new tag]           v13.6.0.r1455-shizukuplus   -> v13.6.0.r1455-shizukuplus
GitGuardian scan	Checkout	2026-06-08T22:53:06.1614527Z  * [new tag]           v13.6.0.r1484-shizukuplus   -> v13.6.0.r1484-shizukuplus
GitGuardian scan	Checkout	2026-06-08T22:53:06.1614925Z  * [new tag]           v13.6.0.r1485-shizukuplus   -> v13.6.0.r1485-shizukuplus
GitGuardian scan	Checkout	2026-06-08T22:53:06.1615318Z  * [new tag]           v13.6.0.r1486-shizukuplus   -> v13.6.0.r1486-shizukuplus
GitGuardian scan	Checkout	2026-06-08T22:53:06.1615712Z  * [new tag]           v13.6.0.r1487-shizukuplus   -> v13.6.0.r1487-shizukuplus
GitGuardian scan	Checkout	2026-06-08T22:53:06.1616104Z  * [new tag]           v13.6.0.r1488-shizukuplus   -> v13.6.0.r1488-shizukuplus
GitGuardian scan	Checkout	2026-06-08T22:53:06.1616508Z  * [new tag]           v13.6.0.r1491-shizukuplus   -> v13.6.0.r1491-shizukuplus
GitGuardian scan	Checkout	2026-06-08T22:53:06.1616900Z  * [new tag]           v13.6.0.r1493-shizukuplus   -> v13.6.0.r1493-shizukuplus
GitGuardian scan	Checkout	2026-06-08T22:53:06.1617290Z  * [new tag]           v13.6.0.r1511-shizukuplus   -> v13.6.0.r1511-shizukuplus
GitGuardian scan	Checkout	2026-06-08T22:53:06.1617689Z  * [new tag]           v13.6.0.r1527-shizukuplus   -> v13.6.0.r1527-shizukuplus
GitGuardian scan	Checkout	2026-06-08T22:53:06.1618298Z  * [new tag]           v13.6.0.r1551-shizukuplus   -> v13.6.0.r1551-shizukuplus
GitGuardian scan	Checkout	2026-06-08T22:53:06.1618720Z  * [new tag]           v13.6.0.r1552-shizukuplus   -> v13.6.0.r1552-shizukuplus
GitGuardian scan	Checkout	2026-06-08T22:53:06.1619128Z  * [new tag]           v13.6.0.r1553-shizukuplus   -> v13.6.0.r1553-shizukuplus
GitGuardian scan	Checkout	2026-06-08T22:53:06.1619525Z  * [new tag]           v13.6.0.r1554-shizukuplus   -> v13.6.0.r1554-shizukuplus
GitGuardian scan	Checkout	2026-06-08T22:53:06.1619916Z  * [new tag]           v13.6.0.r1558-shizukuplus   -> v13.6.0.r1558-shizukuplus
GitGuardian scan	Checkout	2026-06-08T22:53:06.1620322Z  * [new tag]           v13.6.0.r1559-shizukuplus   -> v13.6.0.r1559-shizukuplus
GitGuardian scan	Checkout	2026-06-08T22:53:06.1620718Z  * [new tag]           v13.6.0.r1560-shizukuplus   -> v13.6.0.r1560-shizukuplus
GitGuardian scan	Checkout	2026-06-08T22:53:06.1621128Z  * [new tag]           v13.6.0.r1561-shizukuplus   -> v13.6.0.r1561-shizukuplus
GitGuardian scan	Checkout	2026-06-08T22:53:06.1621537Z  * [new tag]           v13.6.0.r1562-shizukuplus   -> v13.6.0.r1562-shizukuplus
GitGuardian scan	Checkout	2026-06-08T22:53:06.1621931Z  * [new tag]           v13.6.0.r1563-shizukuplus   -> v13.6.0.r1563-shizukuplus
GitGuardian scan	Checkout	2026-06-08T22:53:06.1622325Z  * [new tag]           v13.6.0.r1565-shizukuplus   -> v13.6.0.r1565-shizukuplus
GitGuardian scan	Checkout	2026-06-08T22:53:06.1622728Z  * [new tag]           v13.6.0.r1566-shizukuplus   -> v13.6.0.r1566-shizukuplus
GitGuardian scan	Checkout	2026-06-08T22:53:06.1623124Z  * [new tag]           v13.6.0.r1568-shizukuplus   -> v13.6.0.r1568-shizukuplus
GitGuardian scan	Checkout	2026-06-08T22:53:06.1623517Z  * [new tag]           v13.6.0.r1575-shizukuplus   -> v13.6.0.r1575-shizukuplus
GitGuardian scan	Checkout	2026-06-08T22:53:06.1623909Z  * [new tag]           v13.6.0.r1577-shizukuplus   -> v13.6.0.r1577-shizukuplus
GitGuardian scan	Checkout	2026-06-08T22:53:06.1624450Z  * [new tag]           v13.6.0.r1578-shizukuplus   -> v13.6.0.r1578-shizukuplus
GitGuardian scan	Checkout	2026-06-08T22:53:06.1624842Z  * [new tag]           v13.6.0.r1581-shizukuplus   -> v13.6.0.r1581-shizukuplus
GitGuardian scan	Checkout	2026-06-08T22:53:06.1625235Z  * [new tag]           v13.6.0.r1595-shizukuplus   -> v13.6.0.r1595-shizukuplus
GitGuardian scan	Checkout	2026-06-08T22:53:06.1625624Z  * [new tag]           v13.6.0.r1598-shizukuplus   -> v13.6.0.r1598-shizukuplus
GitGuardian scan	Checkout	2026-06-08T22:53:06.1626015Z  * [new tag]           v13.6.0.r1599-shizukuplus   -> v13.6.0.r1599-shizukuplus
GitGuardian scan	Checkout	2026-06-08T22:53:06.1626405Z  * [new tag]           v13.6.0.r1601-shizukuplus   -> v13.6.0.r1601-shizukuplus
GitGuardian scan	Checkout	2026-06-08T22:53:06.1626794Z  * [new tag]           v13.6.0.r1602-shizukuplus   -> v13.6.0.r1602-shizukuplus
GitGuardian scan	Checkout	2026-06-08T22:53:06.1627185Z  * [new tag]           v13.6.0.r1603-shizukuplus   -> v13.6.0.r1603-shizukuplus
GitGuardian scan	Checkout	2026-06-08T22:53:06.1627585Z  * [new tag]           v13.6.0.r1604-shizukuplus   -> v13.6.0.r1604-shizukuplus
GitGuardian scan	Checkout	2026-06-08T22:53:06.1628285Z  * [new tag]           v13.6.0.r1606-shizukuplus   -> v13.6.0.r1606-shizukuplus
GitGuardian scan	Checkout	2026-06-08T22:53:06.1628682Z  * [new tag]           v13.6.0.r1607-shizukuplus   -> v13.6.0.r1607-shizukuplus
GitGuardian scan	Checkout	2026-06-08T22:53:06.1629077Z  * [new tag]           v13.6.0.r1608-shizukuplus   -> v13.6.0.r1608-shizukuplus
GitGuardian scan	Checkout	2026-06-08T22:53:06.1629471Z  * [new tag]           v13.6.0.r1609-shizukuplus   -> v13.6.0.r1609-shizukuplus
GitGuardian scan	Checkout	2026-06-08T22:53:06.1629873Z  * [new tag]           v13.6.0.r1610-shizukuplus   -> v13.6.0.r1610-shizukuplus
GitGuardian scan	Checkout	2026-06-08T22:53:06.1630275Z  * [new tag]           v13.6.0.r1614-shizukuplus   -> v13.6.0.r1614-shizukuplus
GitGuardian scan	Checkout	2026-06-08T22:53:06.1630666Z  * [new tag]           v13.6.0.r1621-shizukuplus   -> v13.6.0.r1621-shizukuplus
GitGuardian scan	Checkout	2026-06-08T22:53:06.1631059Z  * [new tag]           v13.6.0.r1622-shizukuplus   -> v13.6.0.r1622-shizukuplus
GitGuardian scan	Checkout	2026-06-08T22:53:06.1631447Z  * [new tag]           v13.6.0.r1624-shizukuplus   -> v13.6.0.r1624-shizukuplus
GitGuardian scan	Checkout	2026-06-08T22:53:06.1631844Z  * [new tag]           v13.6.0.r1634-shizukuplus   -> v13.6.0.r1634-shizukuplus
GitGuardian scan	Checkout	2026-06-08T22:53:06.1632238Z  * [new tag]           v13.6.0.r1635-shizukuplus   -> v13.6.0.r1635-shizukuplus
GitGuardian scan	Checkout	2026-06-08T22:53:06.1632628Z  * [new tag]           v13.6.0.r1636-shizukuplus   -> v13.6.0.r1636-shizukuplus
GitGuardian scan	Checkout	2026-06-08T22:53:06.1633026Z  * [new tag]           v13.6.0.r1637-shizukuplus   -> v13.6.0.r1637-shizukuplus
GitGuardian scan	Checkout	2026-06-08T22:53:06.1633417Z  * [new tag]           v13.6.0.r1638-shizukuplus   -> v13.6.0.r1638-shizukuplus
GitGuardian scan	Checkout	2026-06-08T22:53:06.1633806Z  * [new tag]           v13.6.0.r1639-shizukuplus   -> v13.6.0.r1639-shizukuplus
GitGuardian scan	Checkout	2026-06-08T22:53:06.1634197Z  * [new tag]           v13.6.0.r1640-shizukuplus   -> v13.6.0.r1640-shizukuplus
GitGuardian scan	Checkout	2026-06-08T22:53:06.1634587Z  * [new tag]           v13.6.0.r1641-shizukuplus   -> v13.6.0.r1641-shizukuplus
GitGuardian scan	Checkout	2026-06-08T22:53:06.1634978Z  * [new tag]           v13.6.0.r1643-shizukuplus   -> v13.6.0.r1643-shizukuplus
GitGuardian scan	Checkout	2026-06-08T22:53:06.1635374Z  * [new tag]           v13.6.0.r1644-shizukuplus   -> v13.6.0.r1644-shizukuplus
GitGuardian scan	Checkout	2026-06-08T22:53:06.1635769Z  * [new tag]           v13.6.0.r1645-shizukuplus   -> v13.6.0.r1645-shizukuplus
GitGuardian scan	Checkout	2026-06-08T22:53:06.1636164Z  * [new tag]           v13.6.0.r1647-shizukuplus   -> v13.6.0.r1647-shizukuplus
GitGuardian scan	Checkout	2026-06-08T22:53:06.1636561Z  * [new tag]           v13.6.0.r1649-shizukuplus   -> v13.6.0.r1649-shizukuplus
GitGuardian scan	Checkout	2026-06-08T22:53:06.1636955Z  * [new tag]           v13.6.0.r1651-shizukuplus   -> v13.6.0.r1651-shizukuplus
GitGuardian scan	Checkout	2026-06-08T22:53:06.1637346Z  * [new tag]           v13.6.0.r1662-shizukuplus   -> v13.6.0.r1662-shizukuplus
GitGuardian scan	Checkout	2026-06-08T22:53:06.1637918Z  * [new tag]           v13.6.0.r1663-shizukuplus   -> v13.6.0.r1663-shizukuplus
GitGuardian scan	Checkout	2026-06-08T22:53:06.1638345Z  * [new tag]           v13.6.0.r1665-shizukuplus   -> v13.6.0.r1665-shizukuplus
GitGuardian scan	Checkout	2026-06-08T22:53:06.1638763Z  * [new tag]           v13.6.0.r1666-shizukuplus   -> v13.6.0.r1666-shizukuplus
GitGuardian scan	Checkout	2026-06-08T22:53:06.1639167Z  * [new tag]           v13.6.0.r1668-shizukuplus   -> v13.6.0.r1668-shizukuplus
GitGuardian scan	Checkout	2026-06-08T22:53:06.1639573Z  * [new tag]           v13.6.0.r1669-shizukuplus   -> v13.6.0.r1669-shizukuplus
GitGuardian scan	Checkout	2026-06-08T22:53:06.1640107Z  * [new tag]           v13.6.0.r1670-shizukuplus   -> v13.6.0.r1670-shizukuplus
GitGuardian scan	Checkout	2026-06-08T22:53:06.1640518Z  * [new tag]           v13.6.0.r1673-shizukuplus   -> v13.6.0.r1673-shizukuplus
GitGuardian scan	Checkout	2026-06-08T22:53:06.1640914Z  * [new tag]           v13.6.0.r1674-shizukuplus   -> v13.6.0.r1674-shizukuplus
GitGuardian scan	Checkout	2026-06-08T22:53:06.1641305Z  * [new tag]           v13.6.0.r1675-shizukuplus   -> v13.6.0.r1675-shizukuplus
GitGuardian scan	Checkout	2026-06-08T22:53:06.1641685Z  * [new tag]           v13.6.0.r1758               -> v13.6.0.r1758
GitGuardian scan	Checkout	2026-06-08T22:53:06.1642041Z  * [new tag]           v13.6.0.r1760               -> v13.6.0.r1760
GitGuardian scan	Checkout	2026-06-08T22:53:06.1642373Z  * [new tag]           v13.6.0.r1761               -> v13.6.0.r1761
GitGuardian scan	Checkout	2026-06-08T22:53:06.1642710Z  * [new tag]           v13.6.0.r1762               -> v13.6.0.r1762
GitGuardian scan	Checkout	2026-06-08T22:53:06.1643040Z  * [new tag]           v13.6.0.r1763               -> v13.6.0.r1763
GitGuardian scan	Checkout	2026-06-08T22:53:06.1643488Z  * [new tag]           v13.6.0.r1766               -> v13.6.0.r1766
GitGuardian scan	Checkout	2026-06-08T22:53:06.1643825Z  * [new tag]           v13.6.0.r1778               -> v13.6.0.r1778
GitGuardian scan	Checkout	2026-06-08T22:53:06.1644162Z  * [new tag]           v13.6.0.r1918               -> v13.6.0.r1918
GitGuardian scan	Checkout	2026-06-08T22:53:06.1644490Z  * [new tag]           v13.6.0.r1919               -> v13.6.0.r1919
GitGuardian scan	Checkout	2026-06-08T22:53:06.1644819Z  * [new tag]           v13.6.0.r1922               -> v13.6.0.r1922
GitGuardian scan	Checkout	2026-06-08T22:53:06.1645154Z  * [new tag]           v13.6.0.r1923               -> v13.6.0.r1923
GitGuardian scan	Checkout	2026-06-08T22:53:06.1645481Z  * [new tag]           v13.6.0.r1924               -> v13.6.0.r1924
GitGuardian scan	Checkout	2026-06-08T22:53:06.1645810Z  * [new tag]           v13.6.0.r1925               -> v13.6.0.r1925
GitGuardian scan	Checkout	2026-06-08T22:53:06.1646140Z  * [new tag]           v13.6.0.r1926               -> v13.6.0.r1926
GitGuardian scan	Checkout	2026-06-08T22:53:06.1646464Z  * [new tag]           v13.6.0.r1927               -> v13.6.0.r1927
GitGuardian scan	Checkout	2026-06-08T22:53:06.1646808Z  * [new tag]           v13.6.0.r1928               -> v13.6.0.r1928
GitGuardian scan	Checkout	2026-06-08T22:53:06.1647167Z  * [new tag]           v13.6.0.r1929               -> v13.6.0.r1929
GitGuardian scan	Checkout	2026-06-08T22:53:06.1647500Z  * [new tag]           v13.6.0.r1931               -> v13.6.0.r1931
GitGuardian scan	Checkout	2026-06-08T22:53:06.1648020Z  * [new tag]           v13.6.0.r1932               -> v13.6.0.r1932
GitGuardian scan	Checkout	2026-06-08T22:53:06.1648364Z  * [new tag]           v13.6.0.r1934               -> v13.6.0.r1934
GitGuardian scan	Checkout	2026-06-08T22:53:06.1648695Z  * [new tag]           v13.6.0.r1935               -> v13.6.0.r1935
GitGuardian scan	Checkout	2026-06-08T22:53:06.1649064Z  * [new tag]           v13.6.1.r1703-shizukuplus   -> v13.6.1.r1703-shizukuplus
GitGuardian scan	Checkout	2026-06-08T22:53:06.1649448Z  * [new tag]           v2026.1.0                   -> v2026.1.0
GitGuardian scan	Checkout	2026-06-08T22:53:06.1649790Z  * [new tag]           v2026.1.1                   -> v2026.1.1
GitGuardian scan	Checkout	2026-06-08T22:53:06.2730022Z [command]/usr/bin/git branch --list --remote origin/master
GitGuardian scan	Checkout	2026-06-08T22:53:06.2802854Z   origin/master
GitGuardian scan	Checkout	2026-06-08T22:53:06.2811000Z [command]/usr/bin/git rev-parse refs/remotes/origin/master
GitGuardian scan	Checkout	2026-06-08T22:53:06.2832137Z 89323ac58b77d0f4a92a736d8b3d4b9b36d51983
GitGuardian scan	Checkout	2026-06-08T22:53:06.2839259Z ##[endgroup]
GitGuardian scan	Checkout	2026-06-08T22:53:06.2839856Z ##[group]Determining the checkout info
GitGuardian scan	Checkout	2026-06-08T22:53:06.2851943Z ##[endgroup]
GitGuardian scan	Checkout	2026-06-08T22:53:06.2852566Z ##[group]Checking out the ref
GitGuardian scan	Checkout	2026-06-08T22:53:06.2853299Z [command]/usr/bin/git checkout --progress --force -B master refs/remotes/origin/master
GitGuardian scan	Checkout	2026-06-08T22:53:06.5198413Z Reset branch 'master'
GitGuardian scan	Checkout	2026-06-08T22:53:06.5209202Z branch 'master' set up to track 'origin/master'.
GitGuardian scan	Checkout	2026-06-08T22:53:06.5222199Z ##[endgroup]
GitGuardian scan	Checkout	2026-06-08T22:53:06.5264669Z [command]/usr/bin/git log -1 --format='%H'
GitGuardian scan	Checkout	2026-06-08T22:53:06.5290468Z '89323ac58b77d0f4a92a736d8b3d4b9b36d51983'
GitGuardian scan	GitGuardian scan	﻿2026-06-08T22:53:06.5474675Z ##[group]Run GitGuardian/ggshield/actions/secret@v1.51.0
GitGuardian scan	GitGuardian scan	2026-06-08T22:53:06.5475040Z with:
GitGuardian scan	GitGuardian scan	2026-06-08T22:53:06.5475233Z env:
GitGuardian scan	GitGuardian scan	2026-06-08T22:53:06.5475517Z   GITHUB_PUSH_BEFORE_SHA: 34f3118f8bca46614877a0eea1e31d804b42fd02
GitGuardian scan	GitGuardian scan	2026-06-08T22:53:06.5475880Z   GITHUB_PUSH_BASE_SHA: 
GitGuardian scan	GitGuardian scan	2026-06-08T22:53:06.5476134Z   GITHUB_PULL_BASE_SHA: 
GitGuardian scan	GitGuardian scan	2026-06-08T22:53:06.5476570Z   GITHUB_DEFAULT_BRANCH: master
GitGuardian scan	GitGuardian scan	2026-06-08T22:53:06.5477077Z   GITGUARDIAN_API_KEY: ***
GitGuardian scan	GitGuardian scan	2026-06-08T22:53:06.5477318Z ##[endgroup]
GitGuardian scan	GitGuardian scan	2026-06-08T22:53:06.5579598Z ##[command]/usr/bin/docker run --name gitguardianggshieldv1510_70968b --label 743608 --workdir /github/workspace --rm -e "GITHUB_PUSH_BEFORE_SHA" -e "GITHUB_PUSH_BASE_SHA" -e "GITHUB_PULL_BASE_SHA" -e "GITHUB_DEFAULT_BRANCH" -e "GITGUARDIAN_API_KEY" -e "INPUT_ARGS" -e "HOME" -e "GITHUB_JOB" -e "GITHUB_REF" -e "GITHUB_SHA" -e "GITHUB_REPOSITORY" -e "GITHUB_REPOSITORY_OWNER" -e "GITHUB_REPOSITORY_OWNER_ID" -e "GITHUB_RUN_ID" -e "GITHUB_RUN_NUMBER" -e "GITHUB_RETENTION_DAYS" -e "GITHUB_RUN_ATTEMPT" -e "GITHUB_ACTOR_ID" -e "GITHUB_ACTOR" -e "GITHUB_WORKFLOW" -e "GITHUB_HEAD_REF" -e "GITHUB_BASE_REF" -e "GITHUB_EVENT_NAME" -e "GITHUB_SERVER_URL" -e "GITHUB_API_URL" -e "GITHUB_GRAPHQL_URL" -e "GITHUB_REF_NAME" -e "GITHUB_REF_PROTECTED" -e "GITHUB_REF_TYPE" -e "GITHUB_WORKFLOW_REF" -e "GITHUB_WORKFLOW_SHA" -e "GITHUB_REPOSITORY_ID" -e "GITHUB_TRIGGERING_ACTOR" -e "GITHUB_WORKSPACE" -e "GITHUB_ACTION" -e "GITHUB_EVENT_PATH" -e "GITHUB_ACTION_REPOSITORY" -e "GITHUB_ACTION_REF" -e "GITHUB_PATH" -e "GITHUB_ENV" -e "GITHUB_STEP_SUMMARY" -e "GITHUB_STATE" -e "GITHUB_OUTPUT" -e "RUNNER_OS" -e "RUNNER_ARCH" -e "RUNNER_NAME" -e "RUNNER_ENVIRONMENT" -e "RUNNER_TOOL_CACHE" -e "RUNNER_TEMP" -e "RUNNER_WORKSPACE" -e "ACTIONS_RUNTIME_URL" -e "ACTIONS_RUNTIME_TOKEN" -e "ACTIONS_CACHE_URL" -e "ACTIONS_RESULTS_URL" -e "ACTIONS_ORCHESTRATION_ID" -e GITHUB_ACTIONS=true -e CI=true --entrypoint "/app/docker/actions-secret-entrypoint.sh" -v "/var/run/docker.sock":"/var/run/docker.sock" -v "/home/runner/work/_temp":"/github/runner_temp" -v "/home/runner/work/_temp/_github_home":"/github/home" -v "/home/runner/work/_temp/_github_workflow":"/github/workflow" -v "/home/runner/work/_temp/_runner_file_commands":"/github/file_commands" -v "/home/runner/work/ShizukuPlus/ShizukuPlus":"/github/workspace" gitguardian/ggshield:v1.51.0  ""
GitGuardian scan	GitGuardian scan	2026-06-08T22:53:09.7756055Z 	Identified base commit as 89323ac58b77d0f4a92a736d8b3d4b9b36d51983
GitGuardian scan	GitGuardian scan	2026-06-08T22:53:09.7756870Z 	Identified previous commit or commit range as 
GitGuardian scan	GitGuardian scan	2026-06-08T22:53:09.7808672Z Commits to scan: 1
GitGuardian scan	GitGuardian scan	2026-06-08T22:53:10.3531265Z Scanned 89323ac58b77d0f4a92a736d8b3d4b9b36d51983
GitGuardian scan	GitGuardian scan	2026-06-08T22:53:10.3532307Z 
GitGuardian scan	GitGuardian scan	2026-06-08T22:53:10.3532534Z secrets-engine-version: 2.164.0
GitGuardian scan	GitGuardian scan	2026-06-08T22:53:10.3533372Z ^[[37m^[[22m^[[22m
GitGuardian scan	GitGuardian scan	2026-06-08T22:53:10.3533687Z No secrets have been found
GitGuardian scan	GitGuardian scan	2026-06-08T22:53:10.3534046Z ^[[0m
GitGuardian scan	Post Checkout	﻿2026-06-08T22:53:10.5716837Z Post job cleanup.
GitGuardian scan	Post Checkout	2026-06-08T22:53:10.6457311Z [command]/usr/bin/git version
GitGuardian scan	Post Checkout	2026-06-08T22:53:10.6491191Z git version 2.54.0
GitGuardian scan	Post Checkout	2026-06-08T22:53:10.6534291Z Temporarily overriding HOME='/home/runner/work/_temp/8aa2e7f8-7ff5-4e65-8b2b-a6d2e786bb21' before making global git config changes
GitGuardian scan	Post Checkout	2026-06-08T22:53:10.6535590Z Adding repository directory to the temporary git global config as a safe directory
GitGuardian scan	Post Checkout	2026-06-08T22:53:10.6539182Z [command]/usr/bin/git config --global --add safe.directory /home/runner/work/ShizukuPlus/ShizukuPlus
GitGuardian scan	Post Checkout	2026-06-08T22:53:10.6571463Z [command]/usr/bin/git config --local --name-only --get-regexp core\.sshCommand
GitGuardian scan	Post Checkout	2026-06-08T22:53:10.6601349Z [command]/usr/bin/git submodule foreach --recursive sh -c "git config --local --name-only --get-regexp 'core\.sshCommand' && git config --local --unset-all 'core.sshCommand' || :"
GitGuardian scan	Post Checkout	2026-06-08T22:53:10.6832922Z [command]/usr/bin/git config --local --name-only --get-regexp http\.https\:\/\/github\.com\/\.extraheader
GitGuardian scan	Post Checkout	2026-06-08T22:53:10.6855906Z http.https://github.com/.extraheader
GitGuardian scan	Post Checkout	2026-06-08T22:53:10.6867508Z [command]/usr/bin/git config --local --unset-all http.https://github.com/.extraheader
GitGuardian scan	Post Checkout	2026-06-08T22:53:10.6896765Z [command]/usr/bin/git submodule foreach --recursive sh -c "git config --local --name-only --get-regexp 'http\.https\:\/\/github\.com\/\.extraheader' && git config --local --unset-all 'http.https://github.com/.extraheader' || :"
GitGuardian scan	Complete job	﻿2026-06-08T22:53:10.7250704Z Cleaning up orphan processes
GitGuardian scan	Complete job	2026-06-08T22:53:10.7603219Z ##[warning]Node.js 20 actions are deprecated. The following actions are running on Node.js 20 and may not work as expected: actions/checkout@v3. Actions will be forced to run with Node.js 24 by default starting June 16th, 2026. Node.js 20 will be removed from the runner on September 16th, 2026. Please check if updated versions of these actions are available that support Node.js 24. To opt into Node.js 24 now, set the FORCE_JAVASCRIPT_ACTIONS_TO_NODE24=true environment variable on the runner or in your workflow file. Once Node.js 24 becomes the default, you can temporarily opt out by setting ACTIONS_ALLOW_USE_UNSECURE_NODE_VERSION=true. For more information see: https://github.blog/changelog/2025-09-19-deprecation-of-node-20-on-github-actions-runners/
